{"C:\\Users\\usuario\\bootcamp\\collab\\skylab-bootcamp-201807\\staff\\aranzazu-perdomo\\wall-book-api\\logic\\index.js":{"path":"C:\\Users\\usuario\\bootcamp\\collab\\skylab-bootcamp-201807\\staff\\aranzazu-perdomo\\wall-book-api\\logic\\index.js","statementMap":{"0":{"start":{"line":3,"column":22},"end":{"line":3,"column":62}},"1":{"start":{"line":4,"column":15},"end":{"line":4,"column":32}},"2":{"start":{"line":5,"column":25},"end":{"line":5,"column":50}},"3":{"start":{"line":6,"column":14},"end":{"line":6,"column":46}},"4":{"start":{"line":7,"column":19},"end":{"line":7,"column":40}},"5":{"start":{"line":9,"column":14},"end":{"line":204,"column":1}},"6":{"start":{"line":12,"column":8},"end":{"line":12,"column":115}},"7":{"start":{"line":12,"column":81},"end":{"line":12,"column":115}},"8":{"start":{"line":16,"column":8},"end":{"line":16,"column":67}},"9":{"start":{"line":16,"column":35},"end":{"line":16,"column":67}},"10":{"start":{"line":20,"column":8},"end":{"line":20,"column":73}},"11":{"start":{"line":20,"column":39},"end":{"line":20,"column":73}},"12":{"start":{"line":24,"column":8},"end":{"line":37,"column":29}},"13":{"start":{"line":26,"column":16},"end":{"line":26,"column":42}},"14":{"start":{"line":27,"column":16},"end":{"line":27,"column":55}},"15":{"start":{"line":28,"column":16},"end":{"line":28,"column":63}},"16":{"start":{"line":30,"column":16},"end":{"line":30,"column":46}},"17":{"start":{"line":33,"column":16},"end":{"line":33,"column":83}},"18":{"start":{"line":33,"column":26},"end":{"line":33,"column":83}},"19":{"start":{"line":35,"column":16},"end":{"line":35,"column":61}},"20":{"start":{"line":37,"column":24},"end":{"line":37,"column":28}},"21":{"start":{"line":42,"column":8},"end":{"line":54,"column":14}},"22":{"start":{"line":44,"column":16},"end":{"line":44,"column":42}},"23":{"start":{"line":45,"column":16},"end":{"line":45,"column":63}},"24":{"start":{"line":47,"column":16},"end":{"line":47,"column":46}},"25":{"start":{"line":50,"column":16},"end":{"line":50,"column":84}},"26":{"start":{"line":50,"column":27},"end":{"line":50,"column":84}},"27":{"start":{"line":51,"column":16},"end":{"line":51,"column":81}},"28":{"start":{"line":51,"column":48},"end":{"line":51,"column":81}},"29":{"start":{"line":53,"column":16},"end":{"line":53,"column":27}},"30":{"start":{"line":58,"column":8},"end":{"line":76,"column":29}},"31":{"start":{"line":60,"column":16},"end":{"line":60,"column":42}},"32":{"start":{"line":61,"column":16},"end":{"line":61,"column":63}},"33":{"start":{"line":62,"column":16},"end":{"line":62,"column":69}},"34":{"start":{"line":64,"column":16},"end":{"line":64,"column":46}},"35":{"start":{"line":67,"column":16},"end":{"line":67,"column":84}},"36":{"start":{"line":67,"column":27},"end":{"line":67,"column":84}},"37":{"start":{"line":68,"column":16},"end":{"line":68,"column":81}},"38":{"start":{"line":68,"column":48},"end":{"line":68,"column":81}},"39":{"start":{"line":69,"column":16},"end":{"line":69,"column":111}},"40":{"start":{"line":69,"column":46},"end":{"line":69,"column":111}},"41":{"start":{"line":71,"column":16},"end":{"line":71,"column":43}},"42":{"start":{"line":73,"column":16},"end":{"line":73,"column":34}},"43":{"start":{"line":76,"column":24},"end":{"line":76,"column":28}},"44":{"start":{"line":81,"column":8},"end":{"line":94,"column":29}},"45":{"start":{"line":83,"column":16},"end":{"line":83,"column":42}},"46":{"start":{"line":84,"column":16},"end":{"line":84,"column":63}},"47":{"start":{"line":86,"column":16},"end":{"line":86,"column":46}},"48":{"start":{"line":89,"column":16},"end":{"line":89,"column":84}},"49":{"start":{"line":89,"column":27},"end":{"line":89,"column":84}},"50":{"start":{"line":90,"column":16},"end":{"line":90,"column":81}},"51":{"start":{"line":90,"column":48},"end":{"line":90,"column":81}},"52":{"start":{"line":92,"column":16},"end":{"line":92,"column":56}},"53":{"start":{"line":94,"column":24},"end":{"line":94,"column":28}},"54":{"start":{"line":98,"column":8},"end":{"line":114,"column":29}},"55":{"start":{"line":100,"column":16},"end":{"line":100,"column":42}},"56":{"start":{"line":101,"column":16},"end":{"line":101,"column":55}},"57":{"start":{"line":102,"column":16},"end":{"line":102,"column":50}},"58":{"start":{"line":103,"column":16},"end":{"line":103,"column":61}},"59":{"start":{"line":105,"column":16},"end":{"line":105,"column":46}},"60":{"start":{"line":108,"column":16},"end":{"line":108,"column":84}},"61":{"start":{"line":108,"column":27},"end":{"line":108,"column":84}},"62":{"start":{"line":110,"column":31},"end":{"line":110,"column":69}},"63":{"start":{"line":112,"column":16},"end":{"line":112,"column":44}},"64":{"start":{"line":114,"column":24},"end":{"line":114,"column":28}},"65":{"start":{"line":119,"column":8},"end":{"line":127,"column":14}},"66":{"start":{"line":121,"column":16},"end":{"line":121,"column":52}},"67":{"start":{"line":124,"column":16},"end":{"line":124,"column":78}},"68":{"start":{"line":124,"column":30},"end":{"line":124,"column":78}},"69":{"start":{"line":126,"column":16},"end":{"line":126,"column":30}},"70":{"start":{"line":130,"column":8},"end":{"line":137,"column":29}},"71":{"start":{"line":131,"column":24},"end":{"line":131,"column":68}},"72":{"start":{"line":133,"column":16},"end":{"line":133,"column":114}},"73":{"start":{"line":133,"column":47},"end":{"line":133,"column":114}},"74":{"start":{"line":135,"column":16},"end":{"line":135,"column":72}},"75":{"start":{"line":137,"column":24},"end":{"line":137,"column":28}},"76":{"start":{"line":141,"column":8},"end":{"line":141,"column":106}},"77":{"start":{"line":141,"column":68},"end":{"line":141,"column":106}},"78":{"start":{"line":142,"column":8},"end":{"line":142,"column":103}},"79":{"start":{"line":142,"column":66},"end":{"line":142,"column":103}},"80":{"start":{"line":144,"column":8},"end":{"line":161,"column":37}},"81":{"start":{"line":146,"column":16},"end":{"line":146,"column":57}},"82":{"start":{"line":147,"column":16},"end":{"line":147,"column":63}},"83":{"start":{"line":148,"column":16},"end":{"line":148,"column":61}},"84":{"start":{"line":150,"column":32},"end":{"line":157,"column":17}},"85":{"start":{"line":159,"column":16},"end":{"line":159,"column":51}},"86":{"start":{"line":161,"column":29},"end":{"line":161,"column":36}},"87":{"start":{"line":165,"column":8},"end":{"line":179,"column":29}},"88":{"start":{"line":167,"column":16},"end":{"line":167,"column":42}},"89":{"start":{"line":168,"column":16},"end":{"line":168,"column":55}},"90":{"start":{"line":170,"column":16},"end":{"line":170,"column":46}},"91":{"start":{"line":173,"column":16},"end":{"line":173,"column":84}},"92":{"start":{"line":173,"column":27},"end":{"line":173,"column":84}},"93":{"start":{"line":175,"column":16},"end":{"line":175,"column":41}},"94":{"start":{"line":177,"column":16},"end":{"line":177,"column":34}},"95":{"start":{"line":179,"column":24},"end":{"line":179,"column":28}},"96":{"start":{"line":183,"column":8},"end":{"line":191,"column":14}},"97":{"start":{"line":185,"column":16},"end":{"line":185,"column":52}},"98":{"start":{"line":188,"column":16},"end":{"line":188,"column":82}},"99":{"start":{"line":188,"column":32},"end":{"line":188,"column":82}},"100":{"start":{"line":190,"column":16},"end":{"line":190,"column":37}},"101":{"start":{"line":196,"column":8},"end":{"line":201,"column":37}},"102":{"start":{"line":198,"column":16},"end":{"line":198,"column":55}},"103":{"start":{"line":199,"column":16},"end":{"line":199,"column":55}},"104":{"start":{"line":201,"column":29},"end":{"line":201,"column":36}},"105":{"start":{"line":206,"column":0},"end":{"line":206,"column":22}}},"fnMap":{"0":{"name":"(anonymous_0)","decl":{"start":{"line":10,"column":4},"end":{"line":10,"column":5}},"loc":{"start":{"line":10,"column":38},"end":{"line":13,"column":5}},"line":10},"1":{"name":"(anonymous_1)","decl":{"start":{"line":15,"column":4},"end":{"line":15,"column":5}},"loc":{"start":{"line":15,"column":26},"end":{"line":17,"column":5}},"line":15},"2":{"name":"(anonymous_2)","decl":{"start":{"line":19,"column":4},"end":{"line":19,"column":5}},"loc":{"start":{"line":19,"column":33},"end":{"line":21,"column":5}},"line":19},"3":{"name":"(anonymous_3)","decl":{"start":{"line":23,"column":4},"end":{"line":23,"column":5}},"loc":{"start":{"line":23,"column":36},"end":{"line":39,"column":5}},"line":23},"4":{"name":"(anonymous_4)","decl":{"start":{"line":25,"column":18},"end":{"line":25,"column":19}},"loc":{"start":{"line":25,"column":24},"end":{"line":31,"column":13}},"line":25},"5":{"name":"(anonymous_5)","decl":{"start":{"line":32,"column":18},"end":{"line":32,"column":19}},"loc":{"start":{"line":32,"column":26},"end":{"line":36,"column":13}},"line":32},"6":{"name":"(anonymous_6)","decl":{"start":{"line":37,"column":18},"end":{"line":37,"column":19}},"loc":{"start":{"line":37,"column":24},"end":{"line":37,"column":28}},"line":37},"7":{"name":"(anonymous_7)","decl":{"start":{"line":41,"column":4},"end":{"line":41,"column":5}},"loc":{"start":{"line":41,"column":34},"end":{"line":55,"column":5}},"line":41},"8":{"name":"(anonymous_8)","decl":{"start":{"line":43,"column":18},"end":{"line":43,"column":19}},"loc":{"start":{"line":43,"column":24},"end":{"line":48,"column":13}},"line":43},"9":{"name":"(anonymous_9)","decl":{"start":{"line":49,"column":18},"end":{"line":49,"column":19}},"loc":{"start":{"line":49,"column":26},"end":{"line":54,"column":13}},"line":49},"10":{"name":"(anonymous_10)","decl":{"start":{"line":57,"column":4},"end":{"line":57,"column":5}},"loc":{"start":{"line":57,"column":49},"end":{"line":78,"column":5}},"line":57},"11":{"name":"(anonymous_11)","decl":{"start":{"line":59,"column":18},"end":{"line":59,"column":19}},"loc":{"start":{"line":59,"column":24},"end":{"line":65,"column":13}},"line":59},"12":{"name":"(anonymous_12)","decl":{"start":{"line":66,"column":18},"end":{"line":66,"column":19}},"loc":{"start":{"line":66,"column":26},"end":{"line":75,"column":13}},"line":66},"13":{"name":"(anonymous_13)","decl":{"start":{"line":76,"column":18},"end":{"line":76,"column":19}},"loc":{"start":{"line":76,"column":24},"end":{"line":76,"column":28}},"line":76},"14":{"name":"(anonymous_14)","decl":{"start":{"line":80,"column":4},"end":{"line":80,"column":5}},"loc":{"start":{"line":80,"column":32},"end":{"line":95,"column":5}},"line":80},"15":{"name":"(anonymous_15)","decl":{"start":{"line":82,"column":18},"end":{"line":82,"column":19}},"loc":{"start":{"line":82,"column":24},"end":{"line":87,"column":13}},"line":82},"16":{"name":"(anonymous_16)","decl":{"start":{"line":88,"column":18},"end":{"line":88,"column":19}},"loc":{"start":{"line":88,"column":26},"end":{"line":93,"column":13}},"line":88},"17":{"name":"(anonymous_17)","decl":{"start":{"line":94,"column":18},"end":{"line":94,"column":19}},"loc":{"start":{"line":94,"column":24},"end":{"line":94,"column":28}},"line":94},"18":{"name":"(anonymous_18)","decl":{"start":{"line":97,"column":4},"end":{"line":97,"column":5}},"loc":{"start":{"line":97,"column":42},"end":{"line":116,"column":5}},"line":97},"19":{"name":"(anonymous_19)","decl":{"start":{"line":99,"column":18},"end":{"line":99,"column":19}},"loc":{"start":{"line":99,"column":24},"end":{"line":106,"column":13}},"line":99},"20":{"name":"(anonymous_20)","decl":{"start":{"line":107,"column":18},"end":{"line":107,"column":19}},"loc":{"start":{"line":107,"column":26},"end":{"line":113,"column":13}},"line":107},"21":{"name":"(anonymous_21)","decl":{"start":{"line":114,"column":18},"end":{"line":114,"column":19}},"loc":{"start":{"line":114,"column":24},"end":{"line":114,"column":28}},"line":114},"22":{"name":"(anonymous_22)","decl":{"start":{"line":118,"column":4},"end":{"line":118,"column":5}},"loc":{"start":{"line":118,"column":24},"end":{"line":128,"column":5}},"line":118},"23":{"name":"(anonymous_23)","decl":{"start":{"line":120,"column":18},"end":{"line":120,"column":19}},"loc":{"start":{"line":120,"column":24},"end":{"line":122,"column":13}},"line":120},"24":{"name":"(anonymous_24)","decl":{"start":{"line":123,"column":18},"end":{"line":123,"column":19}},"loc":{"start":{"line":123,"column":29},"end":{"line":127,"column":13}},"line":123},"25":{"name":"(anonymous_25)","decl":{"start":{"line":129,"column":4},"end":{"line":129,"column":5}},"loc":{"start":{"line":129,"column":36},"end":{"line":138,"column":5}},"line":129},"26":{"name":"(anonymous_26)","decl":{"start":{"line":131,"column":18},"end":{"line":131,"column":19}},"loc":{"start":{"line":131,"column":24},"end":{"line":131,"column":68}},"line":131},"27":{"name":"(anonymous_27)","decl":{"start":{"line":132,"column":18},"end":{"line":132,"column":19}},"loc":{"start":{"line":132,"column":28},"end":{"line":136,"column":13}},"line":132},"28":{"name":"(anonymous_28)","decl":{"start":{"line":137,"column":18},"end":{"line":137,"column":19}},"loc":{"start":{"line":137,"column":24},"end":{"line":137,"column":28}},"line":137},"29":{"name":"(anonymous_29)","decl":{"start":{"line":140,"column":4},"end":{"line":140,"column":5}},"loc":{"start":{"line":140,"column":65},"end":{"line":162,"column":5}},"line":140},"30":{"name":"(anonymous_30)","decl":{"start":{"line":145,"column":18},"end":{"line":145,"column":19}},"loc":{"start":{"line":145,"column":24},"end":{"line":160,"column":13}},"line":145},"31":{"name":"(anonymous_31)","decl":{"start":{"line":161,"column":18},"end":{"line":161,"column":19}},"loc":{"start":{"line":161,"column":29},"end":{"line":161,"column":36}},"line":161},"32":{"name":"(anonymous_32)","decl":{"start":{"line":164,"column":4},"end":{"line":164,"column":5}},"loc":{"start":{"line":164,"column":30},"end":{"line":180,"column":5}},"line":164},"33":{"name":"(anonymous_33)","decl":{"start":{"line":166,"column":18},"end":{"line":166,"column":19}},"loc":{"start":{"line":166,"column":24},"end":{"line":171,"column":13}},"line":166},"34":{"name":"(anonymous_34)","decl":{"start":{"line":172,"column":18},"end":{"line":172,"column":19}},"loc":{"start":{"line":172,"column":26},"end":{"line":178,"column":13}},"line":172},"35":{"name":"(anonymous_35)","decl":{"start":{"line":179,"column":18},"end":{"line":179,"column":19}},"loc":{"start":{"line":179,"column":24},"end":{"line":179,"column":28}},"line":179},"36":{"name":"(anonymous_36)","decl":{"start":{"line":182,"column":4},"end":{"line":182,"column":5}},"loc":{"start":{"line":182,"column":27},"end":{"line":192,"column":5}},"line":182},"37":{"name":"(anonymous_37)","decl":{"start":{"line":184,"column":18},"end":{"line":184,"column":19}},"loc":{"start":{"line":184,"column":24},"end":{"line":186,"column":13}},"line":184},"38":{"name":"(anonymous_38)","decl":{"start":{"line":187,"column":18},"end":{"line":187,"column":19}},"loc":{"start":{"line":187,"column":31},"end":{"line":191,"column":13}},"line":187},"39":{"name":"(anonymous_39)","decl":{"start":{"line":194,"column":4},"end":{"line":194,"column":5}},"loc":{"start":{"line":194,"column":22},"end":{"line":202,"column":5}},"line":194},"40":{"name":"(anonymous_40)","decl":{"start":{"line":197,"column":18},"end":{"line":197,"column":19}},"loc":{"start":{"line":197,"column":24},"end":{"line":200,"column":13}},"line":197},"41":{"name":"(anonymous_41)","decl":{"start":{"line":201,"column":18},"end":{"line":201,"column":19}},"loc":{"start":{"line":201,"column":29},"end":{"line":201,"column":36}},"line":201}},"branchMap":{"0":{"loc":{"start":{"line":12,"column":8},"end":{"line":12,"column":115}},"type":"if","locations":[{"start":{"line":12,"column":8},"end":{"line":12,"column":115}},{"start":{"line":12,"column":8},"end":{"line":12,"column":115}}],"line":12},"1":{"loc":{"start":{"line":12,"column":12},"end":{"line":12,"column":79}},"type":"binary-expr","locations":[{"start":{"line":12,"column":12},"end":{"line":12,"column":37}},{"start":{"line":12,"column":41},"end":{"line":12,"column":61}},{"start":{"line":12,"column":65},"end":{"line":12,"column":79}}],"line":12},"2":{"loc":{"start":{"line":16,"column":8},"end":{"line":16,"column":67}},"type":"if","locations":[{"start":{"line":16,"column":8},"end":{"line":16,"column":67}},{"start":{"line":16,"column":8},"end":{"line":16,"column":67}}],"line":16},"3":{"loc":{"start":{"line":20,"column":8},"end":{"line":20,"column":73}},"type":"if","locations":[{"start":{"line":20,"column":8},"end":{"line":20,"column":73}},{"start":{"line":20,"column":8},"end":{"line":20,"column":73}}],"line":20},"4":{"loc":{"start":{"line":33,"column":16},"end":{"line":33,"column":83}},"type":"if","locations":[{"start":{"line":33,"column":16},"end":{"line":33,"column":83}},{"start":{"line":33,"column":16},"end":{"line":33,"column":83}}],"line":33},"5":{"loc":{"start":{"line":50,"column":16},"end":{"line":50,"column":84}},"type":"if","locations":[{"start":{"line":50,"column":16},"end":{"line":50,"column":84}},{"start":{"line":50,"column":16},"end":{"line":50,"column":84}}],"line":50},"6":{"loc":{"start":{"line":51,"column":16},"end":{"line":51,"column":81}},"type":"if","locations":[{"start":{"line":51,"column":16},"end":{"line":51,"column":81}},{"start":{"line":51,"column":16},"end":{"line":51,"column":81}}],"line":51},"7":{"loc":{"start":{"line":67,"column":16},"end":{"line":67,"column":84}},"type":"if","locations":[{"start":{"line":67,"column":16},"end":{"line":67,"column":84}},{"start":{"line":67,"column":16},"end":{"line":67,"column":84}}],"line":67},"8":{"loc":{"start":{"line":68,"column":16},"end":{"line":68,"column":81}},"type":"if","locations":[{"start":{"line":68,"column":16},"end":{"line":68,"column":81}},{"start":{"line":68,"column":16},"end":{"line":68,"column":81}}],"line":68},"9":{"loc":{"start":{"line":69,"column":16},"end":{"line":69,"column":111}},"type":"if","locations":[{"start":{"line":69,"column":16},"end":{"line":69,"column":111}},{"start":{"line":69,"column":16},"end":{"line":69,"column":111}}],"line":69},"10":{"loc":{"start":{"line":89,"column":16},"end":{"line":89,"column":84}},"type":"if","locations":[{"start":{"line":89,"column":16},"end":{"line":89,"column":84}},{"start":{"line":89,"column":16},"end":{"line":89,"column":84}}],"line":89},"11":{"loc":{"start":{"line":90,"column":16},"end":{"line":90,"column":81}},"type":"if","locations":[{"start":{"line":90,"column":16},"end":{"line":90,"column":81}},{"start":{"line":90,"column":16},"end":{"line":90,"column":81}}],"line":90},"12":{"loc":{"start":{"line":108,"column":16},"end":{"line":108,"column":84}},"type":"if","locations":[{"start":{"line":108,"column":16},"end":{"line":108,"column":84}},{"start":{"line":108,"column":16},"end":{"line":108,"column":84}}],"line":108},"13":{"loc":{"start":{"line":124,"column":16},"end":{"line":124,"column":78}},"type":"if","locations":[{"start":{"line":124,"column":16},"end":{"line":124,"column":78}},{"start":{"line":124,"column":16},"end":{"line":124,"column":78}}],"line":124},"14":{"loc":{"start":{"line":133,"column":16},"end":{"line":133,"column":114}},"type":"if","locations":[{"start":{"line":133,"column":16},"end":{"line":133,"column":114}},{"start":{"line":133,"column":16},"end":{"line":133,"column":114}}],"line":133},"15":{"loc":{"start":{"line":133,"column":20},"end":{"line":133,"column":45}},"type":"binary-expr","locations":[{"start":{"line":133,"column":20},"end":{"line":133,"column":27}},{"start":{"line":133,"column":31},"end":{"line":133,"column":45}}],"line":133},"16":{"loc":{"start":{"line":140,"column":22},"end":{"line":140,"column":40}},"type":"default-arg","locations":[{"start":{"line":140,"column":33},"end":{"line":140,"column":40}}],"line":140},"17":{"loc":{"start":{"line":140,"column":42},"end":{"line":140,"column":63}},"type":"default-arg","locations":[{"start":{"line":140,"column":52},"end":{"line":140,"column":63}}],"line":140},"18":{"loc":{"start":{"line":141,"column":8},"end":{"line":141,"column":106}},"type":"if","locations":[{"start":{"line":141,"column":8},"end":{"line":141,"column":106}},{"start":{"line":141,"column":8},"end":{"line":141,"column":106}}],"line":141},"19":{"loc":{"start":{"line":141,"column":12},"end":{"line":141,"column":66}},"type":"binary-expr","locations":[{"start":{"line":141,"column":12},"end":{"line":141,"column":34}},{"start":{"line":141,"column":38},"end":{"line":141,"column":66}}],"line":141},"20":{"loc":{"start":{"line":142,"column":8},"end":{"line":142,"column":103}},"type":"if","locations":[{"start":{"line":142,"column":8},"end":{"line":142,"column":103}},{"start":{"line":142,"column":8},"end":{"line":142,"column":103}}],"line":142},"21":{"loc":{"start":{"line":142,"column":12},"end":{"line":142,"column":64}},"type":"binary-expr","locations":[{"start":{"line":142,"column":12},"end":{"line":142,"column":33}},{"start":{"line":142,"column":37},"end":{"line":142,"column":64}}],"line":142},"22":{"loc":{"start":{"line":173,"column":16},"end":{"line":173,"column":84}},"type":"if","locations":[{"start":{"line":173,"column":16},"end":{"line":173,"column":84}},{"start":{"line":173,"column":16},"end":{"line":173,"column":84}}],"line":173},"23":{"loc":{"start":{"line":188,"column":16},"end":{"line":188,"column":82}},"type":"if","locations":[{"start":{"line":188,"column":16},"end":{"line":188,"column":82}},{"start":{"line":188,"column":16},"end":{"line":188,"column":82}}],"line":188}},"s":{"0":1,"1":1,"2":1,"3":1,"4":1,"5":1,"6":0,"7":0,"8":0,"9":0,"10":0,"11":0,"12":0,"13":0,"14":0,"15":0,"16":0,"17":0,"18":0,"19":0,"20":0,"21":0,"22":0,"23":0,"24":0,"25":0,"26":0,"27":0,"28":0,"29":0,"30":0,"31":0,"32":0,"33":0,"34":0,"35":0,"36":0,"37":0,"38":0,"39":0,"40":0,"41":0,"42":0,"43":0,"44":0,"45":0,"46":0,"47":0,"48":0,"49":0,"50":0,"51":0,"52":0,"53":0,"54":0,"55":0,"56":0,"57":0,"58":0,"59":0,"60":0,"61":0,"62":0,"63":0,"64":0,"65":0,"66":0,"67":0,"68":0,"69":0,"70":0,"71":0,"72":0,"73":0,"74":0,"75":0,"76":0,"77":0,"78":0,"79":0,"80":0,"81":0,"82":0,"83":0,"84":0,"85":0,"86":0,"87":0,"88":0,"89":0,"90":0,"91":0,"92":0,"93":0,"94":0,"95":0,"96":0,"97":0,"98":0,"99":0,"100":0,"101":0,"102":0,"103":0,"104":0,"105":1},"f":{"0":0,"1":0,"2":0,"3":0,"4":0,"5":0,"6":0,"7":0,"8":0,"9":0,"10":0,"11":0,"12":0,"13":0,"14":0,"15":0,"16":0,"17":0,"18":0,"19":0,"20":0,"21":0,"22":0,"23":0,"24":0,"25":0,"26":0,"27":0,"28":0,"29":0,"30":0,"31":0,"32":0,"33":0,"34":0,"35":0,"36":0,"37":0,"38":0,"39":0,"40":0,"41":0},"b":{"0":[0,0],"1":[0,0,0],"2":[0,0],"3":[0,0],"4":[0,0],"5":[0,0],"6":[0,0],"7":[0,0],"8":[0,0],"9":[0,0],"10":[0,0],"11":[0,0],"12":[0,0],"13":[0,0],"14":[0,0],"15":[0,0],"16":[0],"17":[0],"18":[0,0],"19":[0,0],"20":[0,0],"21":[0,0],"22":[0,0],"23":[0,0]},"_coverageSchema":"d34fc3e6b8297bcde183f5492bcb8fcb36775295","hash":"964bcb647f7907618ceb1e10eb6fcc838bb36dd5","contentHash":"253261f572fe8ef061eeb27d1aa56895_12.0.2"},"C:\\Users\\usuario\\bootcamp\\collab\\skylab-bootcamp-201807\\staff\\aranzazu-perdomo\\wall-book-api\\utils\\validate-email\\index.js":{"path":"C:\\Users\\usuario\\bootcamp\\collab\\skylab-bootcamp-201807\\staff\\aranzazu-perdomo\\wall-book-api\\utils\\validate-email\\index.js","statementMap":{"0":{"start":{"line":4,"column":0},"end":{"line":6,"column":2}},"1":{"start":{"line":5,"column":4},"end":{"line":5,"column":141}}},"fnMap":{"0":{"name":"(anonymous_0)","decl":{"start":{"line":4,"column":17},"end":{"line":4,"column":18}},"loc":{"start":{"line":4,"column":26},"end":{"line":6,"column":2}},"line":4}},"branchMap":{},"s":{"0":1,"1":0},"f":{"0":0},"b":{},"_coverageSchema":"d34fc3e6b8297bcde183f5492bcb8fcb36775295","hash":"d05503c34b2cfc8fd13376f1575efb3b6d240488","contentHash":"e0f2147de51d18a03e278f05575a7a66_12.0.2"},"C:\\Users\\usuario\\bootcamp\\collab\\skylab-bootcamp-201807\\staff\\aranzazu-perdomo\\wall-book-api\\data\\models\\index.js":{"path":"C:\\Users\\usuario\\bootcamp\\collab\\skylab-bootcamp-201807\\staff\\aranzazu-perdomo\\wall-book-api\\data\\models\\index.js","statementMap":{"0":{"start":{"line":3,"column":0},"end":{"line":8,"column":1}}},"fnMap":{},"branchMap":{},"s":{"0":1},"f":{},"b":{},"_coverageSchema":"d34fc3e6b8297bcde183f5492bcb8fcb36775295","hash":"7d317b005c32742246dd244ca854ad4faaaa069c","contentHash":"9ef46478f7f3f1a27bce764797cd3e69_12.0.2"},"C:\\Users\\usuario\\bootcamp\\collab\\skylab-bootcamp-201807\\staff\\aranzazu-perdomo\\wall-book-api\\data\\models\\user.js":{"path":"C:\\Users\\usuario\\bootcamp\\collab\\skylab-bootcamp-201807\\staff\\aranzazu-perdomo\\wall-book-api\\data\\models\\user.js","statementMap":{"0":{"start":{"line":3,"column":17},"end":{"line":3,"column":36}},"1":{"start":{"line":4,"column":17},"end":{"line":4,"column":37}},"2":{"start":{"line":6,"column":0},"end":{"line":6,"column":45}}},"fnMap":{},"branchMap":{},"s":{"0":1,"1":1,"2":1},"f":{},"b":{},"_coverageSchema":"d34fc3e6b8297bcde183f5492bcb8fcb36775295","hash":"21b58e0795d07c99158d077f6c82f8d3edf033ef","contentHash":"310c8ec187bb8e34ea47ae6b177ad39d_12.0.2"},"C:\\Users\\usuario\\bootcamp\\collab\\skylab-bootcamp-201807\\staff\\aranzazu-perdomo\\wall-book-api\\data\\models\\schemas\\index.js":{"path":"C:\\Users\\usuario\\bootcamp\\collab\\skylab-bootcamp-201807\\staff\\aranzazu-perdomo\\wall-book-api\\data\\models\\schemas\\index.js","statementMap":{"0":{"start":{"line":3,"column":15},"end":{"line":3,"column":34}},"1":{"start":{"line":4,"column":13},"end":{"line":4,"column":30}},"2":{"start":{"line":6,"column":0},"end":{"line":9,"column":1}}},"fnMap":{},"branchMap":{},"s":{"0":1,"1":1,"2":1},"f":{},"b":{},"_coverageSchema":"d34fc3e6b8297bcde183f5492bcb8fcb36775295","hash":"b7d07fa8cff87110b04f584c3e19dbf81af20549","contentHash":"781b5cbebf76da03cf7a3c4569c2b6f0_12.0.2"},"C:\\Users\\usuario\\bootcamp\\collab\\skylab-bootcamp-201807\\staff\\aranzazu-perdomo\\wall-book-api\\data\\models\\schemas\\review.js":{"path":"C:\\Users\\usuario\\bootcamp\\collab\\skylab-bootcamp-201807\\staff\\aranzazu-perdomo\\wall-book-api\\data\\models\\schemas\\review.js","statementMap":{"0":{"start":{"line":3,"column":41},"end":{"line":3,"column":60}},"1":{"start":{"line":5,"column":0},"end":{"line":13,"column":2}}},"fnMap":{},"branchMap":{},"s":{"0":1,"1":1},"f":{},"b":{},"_coverageSchema":"d34fc3e6b8297bcde183f5492bcb8fcb36775295","hash":"bd2a368f39ad4df15460bc67472daa7dff77e5ec","contentHash":"5ef36842614bb35d616271adf7795a57_12.0.2"},"C:\\Users\\usuario\\bootcamp\\collab\\skylab-bootcamp-201807\\staff\\aranzazu-perdomo\\wall-book-api\\data\\models\\schemas\\user.js":{"path":"C:\\Users\\usuario\\bootcamp\\collab\\skylab-bootcamp-201807\\staff\\aranzazu-perdomo\\wall-book-api\\data\\models\\schemas\\user.js","statementMap":{"0":{"start":{"line":3,"column":19},"end":{"line":3,"column":38}},"1":{"start":{"line":6,"column":4},"end":{"line":6,"column":76}},"2":{"start":{"line":6,"column":29},"end":{"line":6,"column":76}},"3":{"start":{"line":9,"column":0},"end":{"line":40,"column":2}}},"fnMap":{"0":{"name":"validatePassword","decl":{"start":{"line":5,"column":9},"end":{"line":5,"column":25}},"loc":{"start":{"line":5,"column":36},"end":{"line":7,"column":1}},"line":5}},"branchMap":{"0":{"loc":{"start":{"line":6,"column":4},"end":{"line":6,"column":76}},"type":"if","locations":[{"start":{"line":6,"column":4},"end":{"line":6,"column":76}},{"start":{"line":6,"column":4},"end":{"line":6,"column":76}}],"line":6}},"s":{"0":1,"1":1,"2":0,"3":1},"f":{"0":1},"b":{"0":[0,1]},"_coverageSchema":"d34fc3e6b8297bcde183f5492bcb8fcb36775295","hash":"eee9642c3dea03c1fec8a30d6e8270c4d888bfc8","contentHash":"9224c76b86c72542a0b9cac61470bab3_12.0.2"},"C:\\Users\\usuario\\bootcamp\\collab\\skylab-bootcamp-201807\\staff\\aranzazu-perdomo\\wall-book-api\\data\\models\\review.js":{"path":"C:\\Users\\usuario\\bootcamp\\collab\\skylab-bootcamp-201807\\staff\\aranzazu-perdomo\\wall-book-api\\data\\models\\review.js","statementMap":{"0":{"start":{"line":3,"column":17},"end":{"line":3,"column":36}},"1":{"start":{"line":4,"column":20},"end":{"line":4,"column":40}},"2":{"start":{"line":6,"column":0},"end":{"line":6,"column":49}}},"fnMap":{},"branchMap":{},"s":{"0":1,"1":1,"2":1},"f":{},"b":{},"_coverageSchema":"d34fc3e6b8297bcde183f5492bcb8fcb36775295","hash":"c4ed73e218d1169484d21c06224e1423c47a968a","contentHash":"8483bd21e2012441a76970a9d88c237e_12.0.2"},"C:\\Users\\usuario\\bootcamp\\collab\\skylab-bootcamp-201807\\staff\\aranzazu-perdomo\\wall-book-api\\logic\\index.spec.js":{"path":"C:\\Users\\usuario\\bootcamp\\collab\\skylab-bootcamp-201807\\staff\\aranzazu-perdomo\\wall-book-api\\logic\\index.spec.js","statementMap":{"0":{"start":{"line":3,"column":0},"end":{"line":3,"column":26}},"1":{"start":{"line":5,"column":14},"end":{"line":5,"column":26}},"2":{"start":{"line":6,"column":19},"end":{"line":6,"column":34}},"3":{"start":{"line":7,"column":17},"end":{"line":7,"column":36}},"4":{"start":{"line":8,"column":32},"end":{"line":8,"column":40}},"5":{"start":{"line":9,"column":25},"end":{"line":9,"column":56}},"6":{"start":{"line":11,"column":31},"end":{"line":11,"column":38}},"7":{"start":{"line":13,"column":0},"end":{"line":679,"column":2}},"8":{"start":{"line":15,"column":18},"end":{"line":15,"column":49}},"9":{"start":{"line":15,"column":58},"end":{"line":15,"column":80}},"10":{"start":{"line":15,"column":93},"end":{"line":15,"column":115}},"11":{"start":{"line":17,"column":16},"end":{"line":17,"column":17}},"12":{"start":{"line":20,"column":4},"end":{"line":24,"column":5}},"13":{"start":{"line":21,"column":8},"end":{"line":23,"column":42}},"14":{"start":{"line":22,"column":26},"end":{"line":22,"column":44}},"15":{"start":{"line":23,"column":24},"end":{"line":23,"column":41}},"16":{"start":{"line":26,"column":4},"end":{"line":45,"column":6}},"17":{"start":{"line":27,"column":8},"end":{"line":30,"column":10}},"18":{"start":{"line":28,"column":12},"end":{"line":28,"column":84}},"19":{"start":{"line":28,"column":25},"end":{"line":28,"column":83}},"20":{"start":{"line":29,"column":12},"end":{"line":29,"column":93}},"21":{"start":{"line":29,"column":25},"end":{"line":29,"column":92}},"22":{"start":{"line":31,"column":8},"end":{"line":34,"column":10}},"23":{"start":{"line":32,"column":12},"end":{"line":32,"column":96}},"24":{"start":{"line":32,"column":25},"end":{"line":32,"column":95}},"25":{"start":{"line":35,"column":8},"end":{"line":38,"column":10}},"26":{"start":{"line":36,"column":12},"end":{"line":36,"column":89}},"27":{"start":{"line":36,"column":25},"end":{"line":36,"column":88}},"28":{"start":{"line":39,"column":8},"end":{"line":42,"column":10}},"29":{"start":{"line":40,"column":12},"end":{"line":40,"column":90}},"30":{"start":{"line":40,"column":25},"end":{"line":40,"column":89}},"31":{"start":{"line":47,"column":4},"end":{"line":139,"column":6}},"32":{"start":{"line":48,"column":8},"end":{"line":70,"column":10}},"33":{"start":{"line":49,"column":12},"end":{"line":68,"column":18}},"34":{"start":{"line":51,"column":20},"end":{"line":51,"column":43}},"35":{"start":{"line":52,"column":20},"end":{"line":52,"column":64}},"36":{"start":{"line":55,"column":20},"end":{"line":55,"column":42}},"37":{"start":{"line":56,"column":20},"end":{"line":56,"column":50}},"38":{"start":{"line":59,"column":20},"end":{"line":59,"column":44}},"39":{"start":{"line":60,"column":20},"end":{"line":60,"column":54}},"40":{"start":{"line":61,"column":20},"end":{"line":61,"column":52}},"41":{"start":{"line":62,"column":20},"end":{"line":62,"column":60}},"42":{"start":{"line":64,"column":20},"end":{"line":64,"column":38}},"43":{"start":{"line":67,"column":20},"end":{"line":67,"column":60}},"44":{"start":{"line":72,"column":8},"end":{"line":77,"column":10}},"45":{"start":{"line":73,"column":12},"end":{"line":76,"column":106}},"46":{"start":{"line":74,"column":28},"end":{"line":74,"column":65}},"47":{"start":{"line":75,"column":30},"end":{"line":75,"column":33}},"48":{"start":{"line":76,"column":39},"end":{"line":76,"column":105}},"49":{"start":{"line":79,"column":8},"end":{"line":84,"column":10}},"50":{"start":{"line":80,"column":12},"end":{"line":82,"column":81}},"51":{"start":{"line":81,"column":30},"end":{"line":81,"column":33}},"52":{"start":{"line":82,"column":39},"end":{"line":82,"column":80}},"53":{"start":{"line":85,"column":8},"end":{"line":90,"column":10}},"54":{"start":{"line":86,"column":12},"end":{"line":88,"column":81}},"55":{"start":{"line":87,"column":30},"end":{"line":87,"column":33}},"56":{"start":{"line":88,"column":39},"end":{"line":88,"column":80}},"57":{"start":{"line":91,"column":8},"end":{"line":96,"column":10}},"58":{"start":{"line":92,"column":12},"end":{"line":94,"column":81}},"59":{"start":{"line":93,"column":30},"end":{"line":93,"column":33}},"60":{"start":{"line":94,"column":39},"end":{"line":94,"column":80}},"61":{"start":{"line":97,"column":8},"end":{"line":102,"column":10}},"62":{"start":{"line":98,"column":12},"end":{"line":100,"column":81}},"63":{"start":{"line":99,"column":30},"end":{"line":99,"column":33}},"64":{"start":{"line":100,"column":39},"end":{"line":100,"column":80}},"65":{"start":{"line":103,"column":8},"end":{"line":108,"column":10}},"66":{"start":{"line":104,"column":12},"end":{"line":106,"column":80}},"67":{"start":{"line":105,"column":30},"end":{"line":105,"column":33}},"68":{"start":{"line":106,"column":39},"end":{"line":106,"column":79}},"69":{"start":{"line":109,"column":8},"end":{"line":114,"column":10}},"70":{"start":{"line":110,"column":12},"end":{"line":112,"column":80}},"71":{"start":{"line":111,"column":30},"end":{"line":111,"column":33}},"72":{"start":{"line":112,"column":39},"end":{"line":112,"column":79}},"73":{"start":{"line":115,"column":8},"end":{"line":120,"column":10}},"74":{"start":{"line":116,"column":12},"end":{"line":118,"column":80}},"75":{"start":{"line":117,"column":30},"end":{"line":117,"column":33}},"76":{"start":{"line":118,"column":39},"end":{"line":118,"column":79}},"77":{"start":{"line":121,"column":8},"end":{"line":126,"column":10}},"78":{"start":{"line":122,"column":12},"end":{"line":124,"column":84}},"79":{"start":{"line":123,"column":30},"end":{"line":123,"column":33}},"80":{"start":{"line":124,"column":39},"end":{"line":124,"column":83}},"81":{"start":{"line":127,"column":8},"end":{"line":132,"column":10}},"82":{"start":{"line":128,"column":12},"end":{"line":130,"column":84}},"83":{"start":{"line":129,"column":30},"end":{"line":129,"column":33}},"84":{"start":{"line":130,"column":39},"end":{"line":130,"column":83}},"85":{"start":{"line":133,"column":8},"end":{"line":138,"column":10}},"86":{"start":{"line":134,"column":12},"end":{"line":136,"column":84}},"87":{"start":{"line":135,"column":30},"end":{"line":135,"column":33}},"88":{"start":{"line":136,"column":39},"end":{"line":136,"column":83}},"89":{"start":{"line":141,"column":4},"end":{"line":191,"column":6}},"90":{"start":{"line":142,"column":8},"end":{"line":142,"column":64}},"91":{"start":{"line":142,"column":25},"end":{"line":142,"column":63}},"92":{"start":{"line":144,"column":8},"end":{"line":147,"column":10}},"93":{"start":{"line":145,"column":12},"end":{"line":146,"column":52}},"94":{"start":{"line":146,"column":29},"end":{"line":146,"column":51}},"95":{"start":{"line":148,"column":8},"end":{"line":153,"column":10}},"96":{"start":{"line":149,"column":12},"end":{"line":151,"column":81}},"97":{"start":{"line":150,"column":30},"end":{"line":150,"column":33}},"98":{"start":{"line":151,"column":39},"end":{"line":151,"column":80}},"99":{"start":{"line":154,"column":8},"end":{"line":159,"column":10}},"100":{"start":{"line":155,"column":12},"end":{"line":157,"column":81}},"101":{"start":{"line":156,"column":30},"end":{"line":156,"column":33}},"102":{"start":{"line":157,"column":39},"end":{"line":157,"column":80}},"103":{"start":{"line":160,"column":8},"end":{"line":165,"column":10}},"104":{"start":{"line":161,"column":12},"end":{"line":163,"column":81}},"105":{"start":{"line":162,"column":30},"end":{"line":162,"column":33}},"106":{"start":{"line":163,"column":39},"end":{"line":163,"column":80}},"107":{"start":{"line":166,"column":8},"end":{"line":171,"column":10}},"108":{"start":{"line":167,"column":12},"end":{"line":169,"column":81}},"109":{"start":{"line":168,"column":30},"end":{"line":168,"column":33}},"110":{"start":{"line":169,"column":39},"end":{"line":169,"column":80}},"111":{"start":{"line":172,"column":8},"end":{"line":177,"column":10}},"112":{"start":{"line":173,"column":12},"end":{"line":175,"column":84}},"113":{"start":{"line":174,"column":30},"end":{"line":174,"column":33}},"114":{"start":{"line":175,"column":39},"end":{"line":175,"column":83}},"115":{"start":{"line":178,"column":8},"end":{"line":183,"column":10}},"116":{"start":{"line":179,"column":12},"end":{"line":181,"column":84}},"117":{"start":{"line":180,"column":30},"end":{"line":180,"column":33}},"118":{"start":{"line":181,"column":39},"end":{"line":181,"column":83}},"119":{"start":{"line":184,"column":8},"end":{"line":189,"column":10}},"120":{"start":{"line":185,"column":12},"end":{"line":187,"column":84}},"121":{"start":{"line":186,"column":30},"end":{"line":186,"column":33}},"122":{"start":{"line":187,"column":39},"end":{"line":187,"column":83}},"123":{"start":{"line":193,"column":4},"end":{"line":274,"column":6}},"124":{"start":{"line":194,"column":28},"end":{"line":194,"column":58}},"125":{"start":{"line":196,"column":8},"end":{"line":196,"column":64}},"126":{"start":{"line":196,"column":25},"end":{"line":196,"column":63}},"127":{"start":{"line":198,"column":8},"end":{"line":212,"column":10}},"128":{"start":{"line":199,"column":12},"end":{"line":209,"column":18}},"129":{"start":{"line":201,"column":20},"end":{"line":201,"column":42}},"130":{"start":{"line":203,"column":20},"end":{"line":203,"column":50}},"131":{"start":{"line":206,"column":20},"end":{"line":206,"column":41}},"132":{"start":{"line":207,"column":20},"end":{"line":207,"column":54}},"133":{"start":{"line":208,"column":20},"end":{"line":208,"column":63}},"134":{"start":{"line":214,"column":8},"end":{"line":219,"column":10}},"135":{"start":{"line":215,"column":12},"end":{"line":217,"column":81}},"136":{"start":{"line":216,"column":30},"end":{"line":216,"column":33}},"137":{"start":{"line":217,"column":39},"end":{"line":217,"column":80}},"138":{"start":{"line":220,"column":8},"end":{"line":225,"column":10}},"139":{"start":{"line":221,"column":12},"end":{"line":223,"column":81}},"140":{"start":{"line":222,"column":30},"end":{"line":222,"column":33}},"141":{"start":{"line":223,"column":39},"end":{"line":223,"column":80}},"142":{"start":{"line":226,"column":8},"end":{"line":231,"column":10}},"143":{"start":{"line":227,"column":12},"end":{"line":229,"column":81}},"144":{"start":{"line":228,"column":30},"end":{"line":228,"column":33}},"145":{"start":{"line":229,"column":39},"end":{"line":229,"column":80}},"146":{"start":{"line":232,"column":8},"end":{"line":237,"column":10}},"147":{"start":{"line":233,"column":12},"end":{"line":235,"column":81}},"148":{"start":{"line":234,"column":30},"end":{"line":234,"column":33}},"149":{"start":{"line":235,"column":39},"end":{"line":235,"column":80}},"150":{"start":{"line":238,"column":8},"end":{"line":243,"column":10}},"151":{"start":{"line":239,"column":12},"end":{"line":241,"column":84}},"152":{"start":{"line":240,"column":30},"end":{"line":240,"column":33}},"153":{"start":{"line":241,"column":39},"end":{"line":241,"column":83}},"154":{"start":{"line":244,"column":8},"end":{"line":249,"column":10}},"155":{"start":{"line":245,"column":12},"end":{"line":247,"column":84}},"156":{"start":{"line":246,"column":30},"end":{"line":246,"column":33}},"157":{"start":{"line":247,"column":39},"end":{"line":247,"column":83}},"158":{"start":{"line":250,"column":8},"end":{"line":255,"column":10}},"159":{"start":{"line":251,"column":12},"end":{"line":253,"column":84}},"160":{"start":{"line":252,"column":30},"end":{"line":252,"column":33}},"161":{"start":{"line":253,"column":39},"end":{"line":253,"column":83}},"162":{"start":{"line":256,"column":8},"end":{"line":261,"column":10}},"163":{"start":{"line":257,"column":12},"end":{"line":259,"column":87}},"164":{"start":{"line":258,"column":30},"end":{"line":258,"column":33}},"165":{"start":{"line":259,"column":39},"end":{"line":259,"column":86}},"166":{"start":{"line":262,"column":8},"end":{"line":267,"column":10}},"167":{"start":{"line":263,"column":12},"end":{"line":265,"column":87}},"168":{"start":{"line":264,"column":30},"end":{"line":264,"column":33}},"169":{"start":{"line":265,"column":39},"end":{"line":265,"column":86}},"170":{"start":{"line":268,"column":8},"end":{"line":273,"column":10}},"171":{"start":{"line":269,"column":12},"end":{"line":271,"column":87}},"172":{"start":{"line":270,"column":30},"end":{"line":270,"column":33}},"173":{"start":{"line":271,"column":39},"end":{"line":271,"column":86}},"174":{"start":{"line":276,"column":4},"end":{"line":315,"column":6}},"175":{"start":{"line":277,"column":8},"end":{"line":277,"column":64}},"176":{"start":{"line":277,"column":25},"end":{"line":277,"column":63}},"177":{"start":{"line":279,"column":8},"end":{"line":289,"column":10}},"178":{"start":{"line":280,"column":12},"end":{"line":288,"column":18}},"179":{"start":{"line":282,"column":20},"end":{"line":282,"column":42}},"180":{"start":{"line":284,"column":20},"end":{"line":284,"column":50}},"181":{"start":{"line":287,"column":20},"end":{"line":287,"column":45}},"182":{"start":{"line":291,"column":8},"end":{"line":296,"column":10}},"183":{"start":{"line":292,"column":12},"end":{"line":294,"column":81}},"184":{"start":{"line":293,"column":30},"end":{"line":293,"column":33}},"185":{"start":{"line":294,"column":39},"end":{"line":294,"column":80}},"186":{"start":{"line":297,"column":8},"end":{"line":302,"column":10}},"187":{"start":{"line":298,"column":12},"end":{"line":300,"column":81}},"188":{"start":{"line":299,"column":30},"end":{"line":299,"column":33}},"189":{"start":{"line":300,"column":39},"end":{"line":300,"column":80}},"190":{"start":{"line":303,"column":8},"end":{"line":308,"column":10}},"191":{"start":{"line":304,"column":12},"end":{"line":306,"column":81}},"192":{"start":{"line":305,"column":30},"end":{"line":305,"column":33}},"193":{"start":{"line":306,"column":39},"end":{"line":306,"column":80}},"194":{"start":{"line":309,"column":8},"end":{"line":314,"column":10}},"195":{"start":{"line":310,"column":12},"end":{"line":312,"column":81}},"196":{"start":{"line":311,"column":30},"end":{"line":311,"column":33}},"197":{"start":{"line":312,"column":39},"end":{"line":312,"column":80}},"198":{"start":{"line":317,"column":4},"end":{"line":412,"column":6}},"199":{"start":{"line":318,"column":21},"end":{"line":318,"column":40}},"200":{"start":{"line":318,"column":49},"end":{"line":318,"column":50}},"201":{"start":{"line":318,"column":62},"end":{"line":318,"column":86}},"202":{"start":{"line":319,"column":8},"end":{"line":319,"column":64}},"203":{"start":{"line":319,"column":25},"end":{"line":319,"column":63}},"204":{"start":{"line":321,"column":8},"end":{"line":340,"column":10}},"205":{"start":{"line":322,"column":12},"end":{"line":339,"column":18}},"206":{"start":{"line":324,"column":20},"end":{"line":324,"column":42}},"207":{"start":{"line":326,"column":20},"end":{"line":326,"column":50}},"208":{"start":{"line":329,"column":20},"end":{"line":329,"column":57}},"209":{"start":{"line":332,"column":20},"end":{"line":332,"column":54}},"210":{"start":{"line":334,"column":37},"end":{"line":334,"column":44}},"211":{"start":{"line":336,"column":20},"end":{"line":336,"column":54}},"212":{"start":{"line":337,"column":20},"end":{"line":337,"column":54}},"213":{"start":{"line":338,"column":20},"end":{"line":338,"column":60}},"214":{"start":{"line":342,"column":8},"end":{"line":346,"column":10}},"215":{"start":{"line":343,"column":12},"end":{"line":345,"column":81}},"216":{"start":{"line":344,"column":30},"end":{"line":344,"column":33}},"217":{"start":{"line":345,"column":39},"end":{"line":345,"column":80}},"218":{"start":{"line":347,"column":8},"end":{"line":351,"column":10}},"219":{"start":{"line":348,"column":12},"end":{"line":350,"column":81}},"220":{"start":{"line":349,"column":30},"end":{"line":349,"column":33}},"221":{"start":{"line":350,"column":39},"end":{"line":350,"column":80}},"222":{"start":{"line":352,"column":8},"end":{"line":356,"column":10}},"223":{"start":{"line":353,"column":12},"end":{"line":355,"column":81}},"224":{"start":{"line":354,"column":30},"end":{"line":354,"column":33}},"225":{"start":{"line":355,"column":39},"end":{"line":355,"column":80}},"226":{"start":{"line":357,"column":8},"end":{"line":361,"column":10}},"227":{"start":{"line":358,"column":12},"end":{"line":360,"column":81}},"228":{"start":{"line":359,"column":30},"end":{"line":359,"column":33}},"229":{"start":{"line":360,"column":39},"end":{"line":360,"column":80}},"230":{"start":{"line":362,"column":8},"end":{"line":366,"column":10}},"231":{"start":{"line":363,"column":12},"end":{"line":365,"column":80}},"232":{"start":{"line":364,"column":30},"end":{"line":364,"column":33}},"233":{"start":{"line":365,"column":39},"end":{"line":365,"column":79}},"234":{"start":{"line":367,"column":8},"end":{"line":371,"column":10}},"235":{"start":{"line":368,"column":12},"end":{"line":370,"column":80}},"236":{"start":{"line":369,"column":30},"end":{"line":369,"column":33}},"237":{"start":{"line":370,"column":39},"end":{"line":370,"column":79}},"238":{"start":{"line":372,"column":8},"end":{"line":376,"column":10}},"239":{"start":{"line":373,"column":12},"end":{"line":375,"column":80}},"240":{"start":{"line":374,"column":30},"end":{"line":374,"column":33}},"241":{"start":{"line":375,"column":39},"end":{"line":375,"column":79}},"242":{"start":{"line":377,"column":8},"end":{"line":381,"column":10}},"243":{"start":{"line":378,"column":12},"end":{"line":380,"column":80}},"244":{"start":{"line":379,"column":30},"end":{"line":379,"column":33}},"245":{"start":{"line":380,"column":39},"end":{"line":380,"column":79}},"246":{"start":{"line":382,"column":8},"end":{"line":386,"column":10}},"247":{"start":{"line":383,"column":12},"end":{"line":385,"column":80}},"248":{"start":{"line":384,"column":30},"end":{"line":384,"column":33}},"249":{"start":{"line":385,"column":39},"end":{"line":385,"column":79}},"250":{"start":{"line":387,"column":8},"end":{"line":391,"column":10}},"251":{"start":{"line":388,"column":12},"end":{"line":390,"column":80}},"252":{"start":{"line":389,"column":30},"end":{"line":389,"column":33}},"253":{"start":{"line":390,"column":39},"end":{"line":390,"column":79}},"254":{"start":{"line":392,"column":8},"end":{"line":396,"column":10}},"255":{"start":{"line":393,"column":12},"end":{"line":395,"column":80}},"256":{"start":{"line":394,"column":30},"end":{"line":394,"column":33}},"257":{"start":{"line":395,"column":39},"end":{"line":395,"column":79}},"258":{"start":{"line":397,"column":8},"end":{"line":401,"column":10}},"259":{"start":{"line":398,"column":12},"end":{"line":400,"column":83}},"260":{"start":{"line":399,"column":30},"end":{"line":399,"column":33}},"261":{"start":{"line":400,"column":39},"end":{"line":400,"column":82}},"262":{"start":{"line":402,"column":8},"end":{"line":406,"column":10}},"263":{"start":{"line":403,"column":12},"end":{"line":405,"column":83}},"264":{"start":{"line":404,"column":30},"end":{"line":404,"column":33}},"265":{"start":{"line":405,"column":39},"end":{"line":405,"column":82}},"266":{"start":{"line":407,"column":8},"end":{"line":411,"column":10}},"267":{"start":{"line":408,"column":12},"end":{"line":410,"column":83}},"268":{"start":{"line":409,"column":30},"end":{"line":409,"column":33}},"269":{"start":{"line":410,"column":39},"end":{"line":410,"column":82}},"270":{"start":{"line":414,"column":4},"end":{"line":438,"column":6}},"271":{"start":{"line":416,"column":24},"end":{"line":420,"column":9}},"272":{"start":{"line":422,"column":8},"end":{"line":429,"column":10}},"273":{"start":{"line":423,"column":12},"end":{"line":428,"column":18}},"274":{"start":{"line":425,"column":20},"end":{"line":425,"column":48}},"275":{"start":{"line":427,"column":20},"end":{"line":427,"column":105}},"276":{"start":{"line":427,"column":61},"end":{"line":427,"column":103}},"277":{"start":{"line":431,"column":8},"end":{"line":436,"column":10}},"278":{"start":{"line":432,"column":12},"end":{"line":435,"column":18}},"279":{"start":{"line":434,"column":20},"end":{"line":434,"column":71}},"280":{"start":{"line":440,"column":4},"end":{"line":480,"column":6}},"281":{"start":{"line":442,"column":24},"end":{"line":446,"column":9}},"282":{"start":{"line":448,"column":8},"end":{"line":459,"column":10}},"283":{"start":{"line":449,"column":12},"end":{"line":458,"column":18}},"284":{"start":{"line":451,"column":20},"end":{"line":451,"column":48}},"285":{"start":{"line":453,"column":20},"end":{"line":453,"column":105}},"286":{"start":{"line":453,"column":61},"end":{"line":453,"column":103}},"287":{"start":{"line":456,"column":20},"end":{"line":456,"column":43}},"288":{"start":{"line":463,"column":8},"end":{"line":474,"column":10}},"289":{"start":{"line":464,"column":12},"end":{"line":473,"column":18}},"290":{"start":{"line":466,"column":20},"end":{"line":466,"column":42}},"291":{"start":{"line":468,"column":20},"end":{"line":468,"column":60}},"292":{"start":{"line":472,"column":20},"end":{"line":472,"column":52}},"293":{"start":{"line":482,"column":4},"end":{"line":570,"column":6}},"294":{"start":{"line":483,"column":8},"end":{"line":499,"column":10}},"295":{"start":{"line":484,"column":24},"end":{"line":484,"column":38}},"296":{"start":{"line":485,"column":12},"end":{"line":498,"column":18}},"297":{"start":{"line":488,"column":20},"end":{"line":488,"column":42}},"298":{"start":{"line":489,"column":20},"end":{"line":489,"column":53}},"299":{"start":{"line":490,"column":20},"end":{"line":490,"column":96}},"300":{"start":{"line":491,"column":20},"end":{"line":491,"column":88}},"301":{"start":{"line":492,"column":20},"end":{"line":492,"column":87}},"302":{"start":{"line":493,"column":20},"end":{"line":493,"column":80}},"303":{"start":{"line":494,"column":20},"end":{"line":494,"column":89}},"304":{"start":{"line":495,"column":20},"end":{"line":495,"column":72}},"305":{"start":{"line":500,"column":8},"end":{"line":514,"column":10}},"306":{"start":{"line":501,"column":24},"end":{"line":501,"column":38}},"307":{"start":{"line":502,"column":12},"end":{"line":513,"column":18}},"308":{"start":{"line":504,"column":20},"end":{"line":504,"column":42}},"309":{"start":{"line":505,"column":20},"end":{"line":505,"column":53}},"310":{"start":{"line":507,"column":20},"end":{"line":511,"column":22}},"311":{"start":{"line":509,"column":39},"end":{"line":509,"column":118}},"312":{"start":{"line":510,"column":24},"end":{"line":510,"column":51}},"313":{"start":{"line":515,"column":8},"end":{"line":534,"column":10}},"314":{"start":{"line":516,"column":24},"end":{"line":516,"column":38}},"315":{"start":{"line":517,"column":12},"end":{"line":533,"column":18}},"316":{"start":{"line":520,"column":20},"end":{"line":520,"column":42}},"317":{"start":{"line":521,"column":20},"end":{"line":521,"column":53}},"318":{"start":{"line":523,"column":20},"end":{"line":527,"column":22}},"319":{"start":{"line":525,"column":39},"end":{"line":525,"column":164}},"320":{"start":{"line":526,"column":24},"end":{"line":526,"column":51}},"321":{"start":{"line":529,"column":20},"end":{"line":529,"column":73}},"322":{"start":{"line":530,"column":20},"end":{"line":530,"column":73}},"323":{"start":{"line":531,"column":20},"end":{"line":531,"column":73}},"324":{"start":{"line":536,"column":8},"end":{"line":541,"column":10}},"325":{"start":{"line":537,"column":12},"end":{"line":539,"column":81}},"326":{"start":{"line":538,"column":30},"end":{"line":538,"column":33}},"327":{"start":{"line":539,"column":39},"end":{"line":539,"column":80}},"328":{"start":{"line":542,"column":8},"end":{"line":547,"column":10}},"329":{"start":{"line":543,"column":12},"end":{"line":545,"column":81}},"330":{"start":{"line":544,"column":30},"end":{"line":544,"column":33}},"331":{"start":{"line":545,"column":39},"end":{"line":545,"column":80}},"332":{"start":{"line":548,"column":8},"end":{"line":553,"column":10}},"333":{"start":{"line":549,"column":12},"end":{"line":551,"column":81}},"334":{"start":{"line":550,"column":30},"end":{"line":550,"column":33}},"335":{"start":{"line":551,"column":39},"end":{"line":551,"column":80}},"336":{"start":{"line":554,"column":8},"end":{"line":559,"column":10}},"337":{"start":{"line":555,"column":12},"end":{"line":557,"column":81}},"338":{"start":{"line":556,"column":30},"end":{"line":556,"column":33}},"339":{"start":{"line":557,"column":39},"end":{"line":557,"column":80}},"340":{"start":{"line":571,"column":4},"end":{"line":645,"column":6}},"341":{"start":{"line":572,"column":8},"end":{"line":572,"column":64}},"342":{"start":{"line":572,"column":25},"end":{"line":572,"column":63}},"343":{"start":{"line":574,"column":8},"end":{"line":587,"column":10}},"344":{"start":{"line":575,"column":23},"end":{"line":575,"column":37}},"345":{"start":{"line":576,"column":12},"end":{"line":585,"column":18}},"346":{"start":{"line":578,"column":20},"end":{"line":578,"column":42}},"347":{"start":{"line":580,"column":20},"end":{"line":580,"column":50}},"348":{"start":{"line":584,"column":20},"end":{"line":584,"column":59}},"349":{"start":{"line":588,"column":8},"end":{"line":594,"column":10}},"350":{"start":{"line":590,"column":12},"end":{"line":592,"column":80}},"351":{"start":{"line":591,"column":30},"end":{"line":591,"column":33}},"352":{"start":{"line":592,"column":39},"end":{"line":592,"column":79}},"353":{"start":{"line":595,"column":8},"end":{"line":601,"column":10}},"354":{"start":{"line":597,"column":12},"end":{"line":599,"column":80}},"355":{"start":{"line":598,"column":30},"end":{"line":598,"column":33}},"356":{"start":{"line":599,"column":39},"end":{"line":599,"column":79}},"357":{"start":{"line":602,"column":8},"end":{"line":608,"column":10}},"358":{"start":{"line":604,"column":12},"end":{"line":606,"column":80}},"359":{"start":{"line":605,"column":30},"end":{"line":605,"column":33}},"360":{"start":{"line":606,"column":39},"end":{"line":606,"column":79}},"361":{"start":{"line":609,"column":8},"end":{"line":615,"column":10}},"362":{"start":{"line":611,"column":12},"end":{"line":613,"column":80}},"363":{"start":{"line":612,"column":30},"end":{"line":612,"column":33}},"364":{"start":{"line":613,"column":39},"end":{"line":613,"column":79}},"365":{"start":{"line":616,"column":8},"end":{"line":622,"column":10}},"366":{"start":{"line":617,"column":23},"end":{"line":617,"column":37}},"367":{"start":{"line":618,"column":12},"end":{"line":620,"column":81}},"368":{"start":{"line":619,"column":30},"end":{"line":619,"column":33}},"369":{"start":{"line":620,"column":39},"end":{"line":620,"column":80}},"370":{"start":{"line":623,"column":8},"end":{"line":629,"column":10}},"371":{"start":{"line":624,"column":23},"end":{"line":624,"column":37}},"372":{"start":{"line":625,"column":12},"end":{"line":627,"column":81}},"373":{"start":{"line":626,"column":30},"end":{"line":626,"column":33}},"374":{"start":{"line":627,"column":39},"end":{"line":627,"column":80}},"375":{"start":{"line":630,"column":8},"end":{"line":636,"column":10}},"376":{"start":{"line":631,"column":23},"end":{"line":631,"column":37}},"377":{"start":{"line":632,"column":12},"end":{"line":634,"column":81}},"378":{"start":{"line":633,"column":30},"end":{"line":633,"column":33}},"379":{"start":{"line":634,"column":39},"end":{"line":634,"column":80}},"380":{"start":{"line":637,"column":8},"end":{"line":643,"column":10}},"381":{"start":{"line":638,"column":23},"end":{"line":638,"column":37}},"382":{"start":{"line":639,"column":12},"end":{"line":641,"column":81}},"383":{"start":{"line":640,"column":30},"end":{"line":640,"column":33}},"384":{"start":{"line":641,"column":39},"end":{"line":641,"column":80}},"385":{"start":{"line":646,"column":4},"end":{"line":668,"column":6}},"386":{"start":{"line":649,"column":26},"end":{"line":653,"column":9}},"387":{"start":{"line":654,"column":8},"end":{"line":661,"column":10}},"388":{"start":{"line":655,"column":12},"end":{"line":660,"column":18}},"389":{"start":{"line":657,"column":20},"end":{"line":657,"column":48}},"390":{"start":{"line":659,"column":20},"end":{"line":659,"column":119}},"391":{"start":{"line":659,"column":65},"end":{"line":659,"column":117}},"392":{"start":{"line":662,"column":8},"end":{"line":667,"column":10}},"393":{"start":{"line":663,"column":12},"end":{"line":666,"column":18}},"394":{"start":{"line":665,"column":20},"end":{"line":665,"column":75}},"395":{"start":{"line":669,"column":4},"end":{"line":669,"column":74}},"396":{"start":{"line":669,"column":20},"end":{"line":669,"column":73}},"397":{"start":{"line":671,"column":4},"end":{"line":678,"column":5}},"398":{"start":{"line":672,"column":8},"end":{"line":677,"column":49}},"399":{"start":{"line":677,"column":24},"end":{"line":677,"column":48}}},"fnMap":{"0":{"name":"(anonymous_0)","decl":{"start":{"line":13,"column":18},"end":{"line":13,"column":19}},"loc":{"start":{"line":13,"column":24},"end":{"line":679,"column":1}},"line":13},"1":{"name":"(anonymous_1)","decl":{"start":{"line":20,"column":11},"end":{"line":20,"column":12}},"loc":{"start":{"line":21,"column":8},"end":{"line":23,"column":42}},"line":21},"2":{"name":"(anonymous_2)","decl":{"start":{"line":22,"column":18},"end":{"line":22,"column":19}},"loc":{"start":{"line":22,"column":26},"end":{"line":22,"column":44}},"line":22},"3":{"name":"(anonymous_3)","decl":{"start":{"line":23,"column":18},"end":{"line":23,"column":19}},"loc":{"start":{"line":23,"column":24},"end":{"line":23,"column":41}},"line":23},"4":{"name":"(anonymous_4)","decl":{"start":{"line":26,"column":45},"end":{"line":26,"column":46}},"loc":{"start":{"line":26,"column":51},"end":{"line":45,"column":5}},"line":26},"5":{"name":"(anonymous_5)","decl":{"start":{"line":27,"column":46},"end":{"line":27,"column":47}},"loc":{"start":{"line":27,"column":52},"end":{"line":30,"column":9}},"line":27},"6":{"name":"(anonymous_6)","decl":{"start":{"line":28,"column":19},"end":{"line":28,"column":20}},"loc":{"start":{"line":28,"column":25},"end":{"line":28,"column":83}},"line":28},"7":{"name":"(anonymous_7)","decl":{"start":{"line":29,"column":19},"end":{"line":29,"column":20}},"loc":{"start":{"line":29,"column":25},"end":{"line":29,"column":92}},"line":29},"8":{"name":"(anonymous_8)","decl":{"start":{"line":31,"column":45},"end":{"line":31,"column":46}},"loc":{"start":{"line":31,"column":51},"end":{"line":34,"column":9}},"line":31},"9":{"name":"(anonymous_9)","decl":{"start":{"line":32,"column":19},"end":{"line":32,"column":20}},"loc":{"start":{"line":32,"column":25},"end":{"line":32,"column":95}},"line":32},"10":{"name":"(anonymous_10)","decl":{"start":{"line":35,"column":41},"end":{"line":35,"column":42}},"loc":{"start":{"line":35,"column":47},"end":{"line":38,"column":9}},"line":35},"11":{"name":"(anonymous_11)","decl":{"start":{"line":36,"column":19},"end":{"line":36,"column":20}},"loc":{"start":{"line":36,"column":25},"end":{"line":36,"column":88}},"line":36},"12":{"name":"(anonymous_12)","decl":{"start":{"line":39,"column":43},"end":{"line":39,"column":44}},"loc":{"start":{"line":39,"column":49},"end":{"line":42,"column":9}},"line":39},"13":{"name":"(anonymous_13)","decl":{"start":{"line":40,"column":19},"end":{"line":40,"column":20}},"loc":{"start":{"line":40,"column":25},"end":{"line":40,"column":89}},"line":40},"14":{"name":"(anonymous_14)","decl":{"start":{"line":47,"column":34},"end":{"line":47,"column":35}},"loc":{"start":{"line":47,"column":40},"end":{"line":139,"column":5}},"line":47},"15":{"name":"(anonymous_15)","decl":{"start":{"line":48,"column":40},"end":{"line":48,"column":41}},"loc":{"start":{"line":48,"column":46},"end":{"line":70,"column":9}},"line":48},"16":{"name":"(anonymous_16)","decl":{"start":{"line":50,"column":22},"end":{"line":50,"column":23}},"loc":{"start":{"line":50,"column":30},"end":{"line":53,"column":17}},"line":50},"17":{"name":"(anonymous_17)","decl":{"start":{"line":54,"column":22},"end":{"line":54,"column":23}},"loc":{"start":{"line":54,"column":29},"end":{"line":57,"column":17}},"line":54},"18":{"name":"(anonymous_18)","decl":{"start":{"line":58,"column":22},"end":{"line":58,"column":23}},"loc":{"start":{"line":58,"column":30},"end":{"line":65,"column":17}},"line":58},"19":{"name":"(anonymous_19)","decl":{"start":{"line":66,"column":22},"end":{"line":66,"column":23}},"loc":{"start":{"line":66,"column":31},"end":{"line":68,"column":17}},"line":66},"20":{"name":"(anonymous_20)","decl":{"start":{"line":72,"column":75},"end":{"line":72,"column":76}},"loc":{"start":{"line":72,"column":81},"end":{"line":77,"column":9}},"line":72},"21":{"name":"(anonymous_21)","decl":{"start":{"line":74,"column":22},"end":{"line":74,"column":23}},"loc":{"start":{"line":74,"column":28},"end":{"line":74,"column":65}},"line":74},"22":{"name":"(anonymous_22)","decl":{"start":{"line":75,"column":23},"end":{"line":75,"column":24}},"loc":{"start":{"line":75,"column":30},"end":{"line":75,"column":33}},"line":75},"23":{"name":"(anonymous_23)","decl":{"start":{"line":76,"column":22},"end":{"line":76,"column":23}},"loc":{"start":{"line":76,"column":39},"end":{"line":76,"column":105}},"line":76},"24":{"name":"(anonymous_24)","decl":{"start":{"line":79,"column":72},"end":{"line":79,"column":73}},"loc":{"start":{"line":79,"column":78},"end":{"line":84,"column":9}},"line":79},"25":{"name":"(anonymous_25)","decl":{"start":{"line":81,"column":23},"end":{"line":81,"column":24}},"loc":{"start":{"line":81,"column":30},"end":{"line":81,"column":33}},"line":81},"26":{"name":"(anonymous_26)","decl":{"start":{"line":82,"column":22},"end":{"line":82,"column":23}},"loc":{"start":{"line":82,"column":39},"end":{"line":82,"column":80}},"line":82},"27":{"name":"(anonymous_27)","decl":{"start":{"line":85,"column":67},"end":{"line":85,"column":68}},"loc":{"start":{"line":85,"column":73},"end":{"line":90,"column":9}},"line":85},"28":{"name":"(anonymous_28)","decl":{"start":{"line":87,"column":23},"end":{"line":87,"column":24}},"loc":{"start":{"line":87,"column":30},"end":{"line":87,"column":33}},"line":87},"29":{"name":"(anonymous_29)","decl":{"start":{"line":88,"column":22},"end":{"line":88,"column":23}},"loc":{"start":{"line":88,"column":39},"end":{"line":88,"column":80}},"line":88},"30":{"name":"(anonymous_30)","decl":{"start":{"line":91,"column":68},"end":{"line":91,"column":69}},"loc":{"start":{"line":91,"column":74},"end":{"line":96,"column":9}},"line":91},"31":{"name":"(anonymous_31)","decl":{"start":{"line":93,"column":23},"end":{"line":93,"column":24}},"loc":{"start":{"line":93,"column":30},"end":{"line":93,"column":33}},"line":93},"32":{"name":"(anonymous_32)","decl":{"start":{"line":94,"column":22},"end":{"line":94,"column":23}},"loc":{"start":{"line":94,"column":39},"end":{"line":94,"column":80}},"line":94},"33":{"name":"(anonymous_33)","decl":{"start":{"line":97,"column":69},"end":{"line":97,"column":70}},"loc":{"start":{"line":97,"column":75},"end":{"line":102,"column":9}},"line":97},"34":{"name":"(anonymous_34)","decl":{"start":{"line":99,"column":23},"end":{"line":99,"column":24}},"loc":{"start":{"line":99,"column":30},"end":{"line":99,"column":33}},"line":99},"35":{"name":"(anonymous_35)","decl":{"start":{"line":100,"column":22},"end":{"line":100,"column":23}},"loc":{"start":{"line":100,"column":39},"end":{"line":100,"column":80}},"line":100},"36":{"name":"(anonymous_36)","decl":{"start":{"line":103,"column":71},"end":{"line":103,"column":72}},"loc":{"start":{"line":103,"column":77},"end":{"line":108,"column":9}},"line":103},"37":{"name":"(anonymous_37)","decl":{"start":{"line":105,"column":23},"end":{"line":105,"column":24}},"loc":{"start":{"line":105,"column":30},"end":{"line":105,"column":33}},"line":105},"38":{"name":"(anonymous_38)","decl":{"start":{"line":106,"column":22},"end":{"line":106,"column":23}},"loc":{"start":{"line":106,"column":39},"end":{"line":106,"column":79}},"line":106},"39":{"name":"(anonymous_39)","decl":{"start":{"line":109,"column":66},"end":{"line":109,"column":67}},"loc":{"start":{"line":109,"column":72},"end":{"line":114,"column":9}},"line":109},"40":{"name":"(anonymous_40)","decl":{"start":{"line":111,"column":23},"end":{"line":111,"column":24}},"loc":{"start":{"line":111,"column":30},"end":{"line":111,"column":33}},"line":111},"41":{"name":"(anonymous_41)","decl":{"start":{"line":112,"column":22},"end":{"line":112,"column":23}},"loc":{"start":{"line":112,"column":39},"end":{"line":112,"column":79}},"line":112},"42":{"name":"(anonymous_42)","decl":{"start":{"line":115,"column":67},"end":{"line":115,"column":68}},"loc":{"start":{"line":115,"column":73},"end":{"line":120,"column":9}},"line":115},"43":{"name":"(anonymous_43)","decl":{"start":{"line":117,"column":23},"end":{"line":117,"column":24}},"loc":{"start":{"line":117,"column":30},"end":{"line":117,"column":33}},"line":117},"44":{"name":"(anonymous_44)","decl":{"start":{"line":118,"column":22},"end":{"line":118,"column":23}},"loc":{"start":{"line":118,"column":39},"end":{"line":118,"column":79}},"line":118},"45":{"name":"(anonymous_45)","decl":{"start":{"line":121,"column":75},"end":{"line":121,"column":76}},"loc":{"start":{"line":121,"column":81},"end":{"line":126,"column":9}},"line":121},"46":{"name":"(anonymous_46)","decl":{"start":{"line":123,"column":23},"end":{"line":123,"column":24}},"loc":{"start":{"line":123,"column":30},"end":{"line":123,"column":33}},"line":123},"47":{"name":"(anonymous_47)","decl":{"start":{"line":124,"column":22},"end":{"line":124,"column":23}},"loc":{"start":{"line":124,"column":39},"end":{"line":124,"column":83}},"line":124},"48":{"name":"(anonymous_48)","decl":{"start":{"line":127,"column":71},"end":{"line":127,"column":72}},"loc":{"start":{"line":127,"column":77},"end":{"line":132,"column":9}},"line":127},"49":{"name":"(anonymous_49)","decl":{"start":{"line":129,"column":23},"end":{"line":129,"column":24}},"loc":{"start":{"line":129,"column":30},"end":{"line":129,"column":33}},"line":129},"50":{"name":"(anonymous_50)","decl":{"start":{"line":130,"column":22},"end":{"line":130,"column":23}},"loc":{"start":{"line":130,"column":39},"end":{"line":130,"column":83}},"line":130},"51":{"name":"(anonymous_51)","decl":{"start":{"line":133,"column":70},"end":{"line":133,"column":71}},"loc":{"start":{"line":133,"column":76},"end":{"line":138,"column":9}},"line":133},"52":{"name":"(anonymous_52)","decl":{"start":{"line":135,"column":23},"end":{"line":135,"column":24}},"loc":{"start":{"line":135,"column":30},"end":{"line":135,"column":33}},"line":135},"53":{"name":"(anonymous_53)","decl":{"start":{"line":136,"column":22},"end":{"line":136,"column":23}},"loc":{"start":{"line":136,"column":39},"end":{"line":136,"column":83}},"line":136},"54":{"name":"(anonymous_54)","decl":{"start":{"line":141,"column":43},"end":{"line":141,"column":44}},"loc":{"start":{"line":141,"column":49},"end":{"line":191,"column":5}},"line":141},"55":{"name":"(anonymous_55)","decl":{"start":{"line":142,"column":19},"end":{"line":142,"column":20}},"loc":{"start":{"line":142,"column":25},"end":{"line":142,"column":63}},"line":142},"56":{"name":"(anonymous_56)","decl":{"start":{"line":144,"column":37},"end":{"line":144,"column":38}},"loc":{"start":{"line":144,"column":43},"end":{"line":147,"column":9}},"line":144},"57":{"name":"(anonymous_57)","decl":{"start":{"line":146,"column":22},"end":{"line":146,"column":23}},"loc":{"start":{"line":146,"column":29},"end":{"line":146,"column":51}},"line":146},"58":{"name":"(anonymous_58)","decl":{"start":{"line":148,"column":69},"end":{"line":148,"column":70}},"loc":{"start":{"line":148,"column":75},"end":{"line":153,"column":9}},"line":148},"59":{"name":"(anonymous_59)","decl":{"start":{"line":150,"column":23},"end":{"line":150,"column":24}},"loc":{"start":{"line":150,"column":30},"end":{"line":150,"column":33}},"line":150},"60":{"name":"(anonymous_60)","decl":{"start":{"line":151,"column":22},"end":{"line":151,"column":23}},"loc":{"start":{"line":151,"column":39},"end":{"line":151,"column":80}},"line":151},"61":{"name":"(anonymous_61)","decl":{"start":{"line":154,"column":65},"end":{"line":154,"column":66}},"loc":{"start":{"line":154,"column":71},"end":{"line":159,"column":9}},"line":154},"62":{"name":"(anonymous_62)","decl":{"start":{"line":156,"column":23},"end":{"line":156,"column":24}},"loc":{"start":{"line":156,"column":30},"end":{"line":156,"column":33}},"line":156},"63":{"name":"(anonymous_63)","decl":{"start":{"line":157,"column":22},"end":{"line":157,"column":23}},"loc":{"start":{"line":157,"column":39},"end":{"line":157,"column":80}},"line":157},"64":{"name":"(anonymous_64)","decl":{"start":{"line":160,"column":66},"end":{"line":160,"column":67}},"loc":{"start":{"line":160,"column":72},"end":{"line":165,"column":9}},"line":160},"65":{"name":"(anonymous_65)","decl":{"start":{"line":162,"column":23},"end":{"line":162,"column":24}},"loc":{"start":{"line":162,"column":30},"end":{"line":162,"column":33}},"line":162},"66":{"name":"(anonymous_66)","decl":{"start":{"line":163,"column":22},"end":{"line":163,"column":23}},"loc":{"start":{"line":163,"column":39},"end":{"line":163,"column":80}},"line":163},"67":{"name":"(anonymous_67)","decl":{"start":{"line":166,"column":64},"end":{"line":166,"column":65}},"loc":{"start":{"line":166,"column":70},"end":{"line":171,"column":9}},"line":166},"68":{"name":"(anonymous_68)","decl":{"start":{"line":168,"column":23},"end":{"line":168,"column":24}},"loc":{"start":{"line":168,"column":30},"end":{"line":168,"column":33}},"line":168},"69":{"name":"(anonymous_69)","decl":{"start":{"line":169,"column":22},"end":{"line":169,"column":23}},"loc":{"start":{"line":169,"column":39},"end":{"line":169,"column":80}},"line":169},"70":{"name":"(anonymous_70)","decl":{"start":{"line":172,"column":72},"end":{"line":172,"column":73}},"loc":{"start":{"line":172,"column":78},"end":{"line":177,"column":9}},"line":172},"71":{"name":"(anonymous_71)","decl":{"start":{"line":174,"column":23},"end":{"line":174,"column":24}},"loc":{"start":{"line":174,"column":30},"end":{"line":174,"column":33}},"line":174},"72":{"name":"(anonymous_72)","decl":{"start":{"line":175,"column":22},"end":{"line":175,"column":23}},"loc":{"start":{"line":175,"column":39},"end":{"line":175,"column":83}},"line":175},"73":{"name":"(anonymous_73)","decl":{"start":{"line":178,"column":68},"end":{"line":178,"column":69}},"loc":{"start":{"line":178,"column":74},"end":{"line":183,"column":9}},"line":178},"74":{"name":"(anonymous_74)","decl":{"start":{"line":180,"column":23},"end":{"line":180,"column":24}},"loc":{"start":{"line":180,"column":30},"end":{"line":180,"column":33}},"line":180},"75":{"name":"(anonymous_75)","decl":{"start":{"line":181,"column":22},"end":{"line":181,"column":23}},"loc":{"start":{"line":181,"column":39},"end":{"line":181,"column":83}},"line":181},"76":{"name":"(anonymous_76)","decl":{"start":{"line":184,"column":67},"end":{"line":184,"column":68}},"loc":{"start":{"line":184,"column":73},"end":{"line":189,"column":9}},"line":184},"77":{"name":"(anonymous_77)","decl":{"start":{"line":186,"column":23},"end":{"line":186,"column":24}},"loc":{"start":{"line":186,"column":30},"end":{"line":186,"column":33}},"line":186},"78":{"name":"(anonymous_78)","decl":{"start":{"line":187,"column":22},"end":{"line":187,"column":23}},"loc":{"start":{"line":187,"column":39},"end":{"line":187,"column":83}},"line":187},"79":{"name":"(anonymous_79)","decl":{"start":{"line":193,"column":41},"end":{"line":193,"column":42}},"loc":{"start":{"line":193,"column":47},"end":{"line":274,"column":5}},"line":193},"80":{"name":"(anonymous_80)","decl":{"start":{"line":196,"column":19},"end":{"line":196,"column":20}},"loc":{"start":{"line":196,"column":25},"end":{"line":196,"column":63}},"line":196},"81":{"name":"(anonymous_81)","decl":{"start":{"line":198,"column":47},"end":{"line":198,"column":48}},"loc":{"start":{"line":198,"column":53},"end":{"line":212,"column":9}},"line":198},"82":{"name":"(anonymous_82)","decl":{"start":{"line":200,"column":22},"end":{"line":200,"column":23}},"loc":{"start":{"line":200,"column":29},"end":{"line":204,"column":17}},"line":200},"83":{"name":"(anonymous_83)","decl":{"start":{"line":205,"column":22},"end":{"line":205,"column":23}},"loc":{"start":{"line":205,"column":30},"end":{"line":209,"column":17}},"line":205},"84":{"name":"(anonymous_84)","decl":{"start":{"line":214,"column":79},"end":{"line":214,"column":80}},"loc":{"start":{"line":214,"column":85},"end":{"line":219,"column":9}},"line":214},"85":{"name":"(anonymous_85)","decl":{"start":{"line":216,"column":23},"end":{"line":216,"column":24}},"loc":{"start":{"line":216,"column":30},"end":{"line":216,"column":33}},"line":216},"86":{"name":"(anonymous_86)","decl":{"start":{"line":217,"column":22},"end":{"line":217,"column":23}},"loc":{"start":{"line":217,"column":39},"end":{"line":217,"column":80}},"line":217},"87":{"name":"(anonymous_87)","decl":{"start":{"line":220,"column":75},"end":{"line":220,"column":76}},"loc":{"start":{"line":220,"column":81},"end":{"line":225,"column":9}},"line":220},"88":{"name":"(anonymous_88)","decl":{"start":{"line":222,"column":23},"end":{"line":222,"column":24}},"loc":{"start":{"line":222,"column":30},"end":{"line":222,"column":33}},"line":222},"89":{"name":"(anonymous_89)","decl":{"start":{"line":223,"column":22},"end":{"line":223,"column":23}},"loc":{"start":{"line":223,"column":39},"end":{"line":223,"column":80}},"line":223},"90":{"name":"(anonymous_90)","decl":{"start":{"line":226,"column":74},"end":{"line":226,"column":75}},"loc":{"start":{"line":226,"column":80},"end":{"line":231,"column":9}},"line":226},"91":{"name":"(anonymous_91)","decl":{"start":{"line":228,"column":23},"end":{"line":228,"column":24}},"loc":{"start":{"line":228,"column":30},"end":{"line":228,"column":33}},"line":228},"92":{"name":"(anonymous_92)","decl":{"start":{"line":229,"column":22},"end":{"line":229,"column":23}},"loc":{"start":{"line":229,"column":39},"end":{"line":229,"column":80}},"line":229},"93":{"name":"(anonymous_93)","decl":{"start":{"line":232,"column":76},"end":{"line":232,"column":77}},"loc":{"start":{"line":232,"column":82},"end":{"line":237,"column":9}},"line":232},"94":{"name":"(anonymous_94)","decl":{"start":{"line":234,"column":23},"end":{"line":234,"column":24}},"loc":{"start":{"line":234,"column":30},"end":{"line":234,"column":33}},"line":234},"95":{"name":"(anonymous_95)","decl":{"start":{"line":235,"column":22},"end":{"line":235,"column":23}},"loc":{"start":{"line":235,"column":39},"end":{"line":235,"column":80}},"line":235},"96":{"name":"(anonymous_96)","decl":{"start":{"line":238,"column":82},"end":{"line":238,"column":83}},"loc":{"start":{"line":238,"column":88},"end":{"line":243,"column":9}},"line":238},"97":{"name":"(anonymous_97)","decl":{"start":{"line":240,"column":23},"end":{"line":240,"column":24}},"loc":{"start":{"line":240,"column":30},"end":{"line":240,"column":33}},"line":240},"98":{"name":"(anonymous_98)","decl":{"start":{"line":241,"column":22},"end":{"line":241,"column":23}},"loc":{"start":{"line":241,"column":39},"end":{"line":241,"column":83}},"line":241},"99":{"name":"(anonymous_99)","decl":{"start":{"line":244,"column":78},"end":{"line":244,"column":79}},"loc":{"start":{"line":244,"column":84},"end":{"line":249,"column":9}},"line":244},"100":{"name":"(anonymous_100)","decl":{"start":{"line":246,"column":23},"end":{"line":246,"column":24}},"loc":{"start":{"line":246,"column":30},"end":{"line":246,"column":33}},"line":246},"101":{"name":"(anonymous_101)","decl":{"start":{"line":247,"column":22},"end":{"line":247,"column":23}},"loc":{"start":{"line":247,"column":39},"end":{"line":247,"column":83}},"line":247},"102":{"name":"(anonymous_102)","decl":{"start":{"line":250,"column":77},"end":{"line":250,"column":78}},"loc":{"start":{"line":250,"column":83},"end":{"line":255,"column":9}},"line":250},"103":{"name":"(anonymous_103)","decl":{"start":{"line":252,"column":23},"end":{"line":252,"column":24}},"loc":{"start":{"line":252,"column":30},"end":{"line":252,"column":33}},"line":252},"104":{"name":"(anonymous_104)","decl":{"start":{"line":253,"column":22},"end":{"line":253,"column":23}},"loc":{"start":{"line":253,"column":39},"end":{"line":253,"column":83}},"line":253},"105":{"name":"(anonymous_105)","decl":{"start":{"line":256,"column":86},"end":{"line":256,"column":87}},"loc":{"start":{"line":256,"column":92},"end":{"line":261,"column":9}},"line":256},"106":{"name":"(anonymous_106)","decl":{"start":{"line":258,"column":23},"end":{"line":258,"column":24}},"loc":{"start":{"line":258,"column":30},"end":{"line":258,"column":33}},"line":258},"107":{"name":"(anonymous_107)","decl":{"start":{"line":259,"column":22},"end":{"line":259,"column":23}},"loc":{"start":{"line":259,"column":39},"end":{"line":259,"column":86}},"line":259},"108":{"name":"(anonymous_108)","decl":{"start":{"line":262,"column":82},"end":{"line":262,"column":83}},"loc":{"start":{"line":262,"column":88},"end":{"line":267,"column":9}},"line":262},"109":{"name":"(anonymous_109)","decl":{"start":{"line":264,"column":23},"end":{"line":264,"column":24}},"loc":{"start":{"line":264,"column":30},"end":{"line":264,"column":33}},"line":264},"110":{"name":"(anonymous_110)","decl":{"start":{"line":265,"column":22},"end":{"line":265,"column":23}},"loc":{"start":{"line":265,"column":39},"end":{"line":265,"column":86}},"line":265},"111":{"name":"(anonymous_111)","decl":{"start":{"line":268,"column":81},"end":{"line":268,"column":82}},"loc":{"start":{"line":268,"column":87},"end":{"line":273,"column":9}},"line":268},"112":{"name":"(anonymous_112)","decl":{"start":{"line":270,"column":23},"end":{"line":270,"column":24}},"loc":{"start":{"line":270,"column":30},"end":{"line":270,"column":33}},"line":270},"113":{"name":"(anonymous_113)","decl":{"start":{"line":271,"column":22},"end":{"line":271,"column":23}},"loc":{"start":{"line":271,"column":39},"end":{"line":271,"column":86}},"line":271},"114":{"name":"(anonymous_114)","decl":{"start":{"line":276,"column":36},"end":{"line":276,"column":37}},"loc":{"start":{"line":276,"column":42},"end":{"line":315,"column":5}},"line":276},"115":{"name":"(anonymous_115)","decl":{"start":{"line":277,"column":19},"end":{"line":277,"column":20}},"loc":{"start":{"line":277,"column":25},"end":{"line":277,"column":63}},"line":277},"116":{"name":"(anonymous_116)","decl":{"start":{"line":279,"column":47},"end":{"line":279,"column":48}},"loc":{"start":{"line":279,"column":53},"end":{"line":289,"column":9}},"line":279},"117":{"name":"(anonymous_117)","decl":{"start":{"line":281,"column":22},"end":{"line":281,"column":23}},"loc":{"start":{"line":281,"column":29},"end":{"line":285,"column":17}},"line":281},"118":{"name":"(anonymous_118)","decl":{"start":{"line":286,"column":22},"end":{"line":286,"column":23}},"loc":{"start":{"line":286,"column":30},"end":{"line":288,"column":17}},"line":286},"119":{"name":"(anonymous_119)","decl":{"start":{"line":291,"column":79},"end":{"line":291,"column":80}},"loc":{"start":{"line":291,"column":85},"end":{"line":296,"column":9}},"line":291},"120":{"name":"(anonymous_120)","decl":{"start":{"line":293,"column":23},"end":{"line":293,"column":24}},"loc":{"start":{"line":293,"column":30},"end":{"line":293,"column":33}},"line":293},"121":{"name":"(anonymous_121)","decl":{"start":{"line":294,"column":22},"end":{"line":294,"column":23}},"loc":{"start":{"line":294,"column":39},"end":{"line":294,"column":80}},"line":294},"122":{"name":"(anonymous_122)","decl":{"start":{"line":297,"column":75},"end":{"line":297,"column":76}},"loc":{"start":{"line":297,"column":81},"end":{"line":302,"column":9}},"line":297},"123":{"name":"(anonymous_123)","decl":{"start":{"line":299,"column":23},"end":{"line":299,"column":24}},"loc":{"start":{"line":299,"column":30},"end":{"line":299,"column":33}},"line":299},"124":{"name":"(anonymous_124)","decl":{"start":{"line":300,"column":22},"end":{"line":300,"column":23}},"loc":{"start":{"line":300,"column":39},"end":{"line":300,"column":80}},"lin
[...]
,"line":465},"192":{"name":"(anonymous_192)","decl":{"start":{"line":470,"column":22},"end":{"line":470,"column":23}},"loc":{"start":{"line":470,"column":37},"end":{"line":473,"column":17}},"line":470},"193":{"name":"(anonymous_193)","decl":{"start":{"line":482,"column":38},"end":{"line":482,"column":39}},"loc":{"start":{"line":482,"column":44},"end":{"line":570,"column":5}},"line":482},"194":{"name":"(anonymous_194)","decl":{"start":{"line":483,"column":43},"end":{"line":483,"column":44}},"loc":{"start":{"line":483,"column":49},"end":{"line":499,"column":9}},"line":483},"195":{"name":"(anonymous_195)","decl":{"start":{"line":486,"column":22},"end":{"line":486,"column":23}},"loc":{"start":{"line":486,"column":31},"end":{"line":498,"column":17}},"line":486},"196":{"name":"(anonymous_196)","decl":{"start":{"line":500,"column":44},"end":{"line":500,"column":45}},"loc":{"start":{"line":500,"column":50},"end":{"line":514,"column":9}},"line":500},"197":{"name":"(anonymous_197)","decl":{"start":{"line":503,"column":22},"end":{"line":503,"column":23}},"loc":{"start":{"line":503,"column":31},"end":{"line":513,"column":17}},"line":503},"198":{"name":"(anonymous_198)","decl":{"start":{"line":507,"column":34},"end":{"line":507,"column":35}},"loc":{"start":{"line":507,"column":42},"end":{"line":511,"column":21}},"line":507},"199":{"name":"(anonymous_199)","decl":{"start":{"line":515,"column":44},"end":{"line":515,"column":45}},"loc":{"start":{"line":515,"column":50},"end":{"line":534,"column":9}},"line":515},"200":{"name":"(anonymous_200)","decl":{"start":{"line":518,"column":22},"end":{"line":518,"column":23}},"loc":{"start":{"line":518,"column":31},"end":{"line":533,"column":17}},"line":518},"201":{"name":"(anonymous_201)","decl":{"start":{"line":523,"column":34},"end":{"line":523,"column":35}},"loc":{"start":{"line":523,"column":42},"end":{"line":527,"column":21}},"line":523},"202":{"name":"(anonymous_202)","decl":{"start":{"line":536,"column":76},"end":{"line":536,"column":77}},"loc":{"start":{"line":536,"column":82},"end":{"line":541,"column":9}},"line":536},"203":{"name":"(anonymous_203)","decl":{"start":{"line":538,"column":23},"end":{"line":538,"column":24}},"loc":{"start":{"line":538,"column":30},"end":{"line":538,"column":33}},"line":538},"204":{"name":"(anonymous_204)","decl":{"start":{"line":539,"column":22},"end":{"line":539,"column":23}},"loc":{"start":{"line":539,"column":39},"end":{"line":539,"column":80}},"line":539},"205":{"name":"(anonymous_205)","decl":{"start":{"line":542,"column":72},"end":{"line":542,"column":73}},"loc":{"start":{"line":542,"column":78},"end":{"line":547,"column":9}},"line":542},"206":{"name":"(anonymous_206)","decl":{"start":{"line":544,"column":23},"end":{"line":544,"column":24}},"loc":{"start":{"line":544,"column":30},"end":{"line":544,"column":33}},"line":544},"207":{"name":"(anonymous_207)","decl":{"start":{"line":545,"column":22},"end":{"line":545,"column":23}},"loc":{"start":{"line":545,"column":39},"end":{"line":545,"column":80}},"line":545},"208":{"name":"(anonymous_208)","decl":{"start":{"line":548,"column":71},"end":{"line":548,"column":72}},"loc":{"start":{"line":548,"column":77},"end":{"line":553,"column":9}},"line":548},"209":{"name":"(anonymous_209)","decl":{"start":{"line":550,"column":23},"end":{"line":550,"column":24}},"loc":{"start":{"line":550,"column":30},"end":{"line":550,"column":33}},"line":550},"210":{"name":"(anonymous_210)","decl":{"start":{"line":551,"column":22},"end":{"line":551,"column":23}},"loc":{"start":{"line":551,"column":39},"end":{"line":551,"column":80}},"line":551},"211":{"name":"(anonymous_211)","decl":{"start":{"line":554,"column":73},"end":{"line":554,"column":74}},"loc":{"start":{"line":554,"column":79},"end":{"line":559,"column":9}},"line":554},"212":{"name":"(anonymous_212)","decl":{"start":{"line":556,"column":23},"end":{"line":556,"column":24}},"loc":{"start":{"line":556,"column":30},"end":{"line":556,"column":33}},"line":556},"213":{"name":"(anonymous_213)","decl":{"start":{"line":557,"column":22},"end":{"line":557,"column":23}},"loc":{"start":{"line":557,"column":39},"end":{"line":557,"column":80}},"line":557},"214":{"name":"(anonymous_214)","decl":{"start":{"line":571,"column":39},"end":{"line":571,"column":40}},"loc":{"start":{"line":571,"column":45},"end":{"line":645,"column":5}},"line":571},"215":{"name":"(anonymous_215)","decl":{"start":{"line":572,"column":19},"end":{"line":572,"column":20}},"loc":{"start":{"line":572,"column":25},"end":{"line":572,"column":63}},"line":572},"216":{"name":"(anonymous_216)","decl":{"start":{"line":574,"column":46},"end":{"line":574,"column":47}},"loc":{"start":{"line":574,"column":52},"end":{"line":587,"column":9}},"line":574},"217":{"name":"(anonymous_217)","decl":{"start":{"line":577,"column":22},"end":{"line":577,"column":23}},"loc":{"start":{"line":577,"column":29},"end":{"line":581,"column":17}},"line":577},"218":{"name":"(anonymous_218)","decl":{"start":{"line":582,"column":22},"end":{"line":582,"column":23}},"loc":{"start":{"line":582,"column":30},"end":{"line":585,"column":17}},"line":582},"219":{"name":"(anonymous_219)","decl":{"start":{"line":588,"column":76},"end":{"line":588,"column":77}},"loc":{"start":{"line":588,"column":82},"end":{"line":594,"column":9}},"line":588},"220":{"name":"(anonymous_220)","decl":{"start":{"line":591,"column":23},"end":{"line":591,"column":24}},"loc":{"start":{"line":591,"column":30},"end":{"line":591,"column":33}},"line":591},"221":{"name":"(anonymous_221)","decl":{"start":{"line":592,"column":22},"end":{"line":592,"column":23}},"loc":{"start":{"line":592,"column":39},"end":{"line":592,"column":79}},"line":592},"222":{"name":"(anonymous_222)","decl":{"start":{"line":595,"column":72},"end":{"line":595,"column":73}},"loc":{"start":{"line":595,"column":78},"end":{"line":601,"column":9}},"line":595},"223":{"name":"(anonymous_223)","decl":{"start":{"line":598,"column":23},"end":{"line":598,"column":24}},"loc":{"start":{"line":598,"column":30},"end":{"line":598,"column":33}},"line":598},"224":{"name":"(anonymous_224)","decl":{"start":{"line":599,"column":22},"end":{"line":599,"column":23}},"loc":{"start":{"line":599,"column":39},"end":{"line":599,"column":79}},"line":599},"225":{"name":"(anonymous_225)","decl":{"start":{"line":602,"column":71},"end":{"line":602,"column":72}},"loc":{"start":{"line":602,"column":77},"end":{"line":608,"column":9}},"line":602},"226":{"name":"(anonymous_226)","decl":{"start":{"line":605,"column":23},"end":{"line":605,"column":24}},"loc":{"start":{"line":605,"column":30},"end":{"line":605,"column":33}},"line":605},"227":{"name":"(anonymous_227)","decl":{"start":{"line":606,"column":22},"end":{"line":606,"column":23}},"loc":{"start":{"line":606,"column":39},"end":{"line":606,"column":79}},"line":606},"228":{"name":"(anonymous_228)","decl":{"start":{"line":609,"column":73},"end":{"line":609,"column":74}},"loc":{"start":{"line":609,"column":79},"end":{"line":615,"column":9}},"line":609},"229":{"name":"(anonymous_229)","decl":{"start":{"line":612,"column":23},"end":{"line":612,"column":24}},"loc":{"start":{"line":612,"column":30},"end":{"line":612,"column":33}},"line":612},"230":{"name":"(anonymous_230)","decl":{"start":{"line":613,"column":22},"end":{"line":613,"column":23}},"loc":{"start":{"line":613,"column":39},"end":{"line":613,"column":79}},"line":613},"231":{"name":"(anonymous_231)","decl":{"start":{"line":616,"column":78},"end":{"line":616,"column":79}},"loc":{"start":{"line":616,"column":84},"end":{"line":622,"column":9}},"line":616},"232":{"name":"(anonymous_232)","decl":{"start":{"line":619,"column":23},"end":{"line":619,"column":24}},"loc":{"start":{"line":619,"column":30},"end":{"line":619,"column":33}},"line":619},"233":{"name":"(anonymous_233)","decl":{"start":{"line":620,"column":22},"end":{"line":620,"column":23}},"loc":{"start":{"line":620,"column":39},"end":{"line":620,"column":80}},"line":620},"234":{"name":"(anonymous_234)","decl":{"start":{"line":623,"column":74},"end":{"line":623,"column":75}},"loc":{"start":{"line":623,"column":80},"end":{"line":629,"column":9}},"line":623},"235":{"name":"(anonymous_235)","decl":{"start":{"line":626,"column":23},"end":{"line":626,"column":24}},"loc":{"start":{"line":626,"column":30},"end":{"line":626,"column":33}},"line":626},"236":{"name":"(anonymous_236)","decl":{"start":{"line":627,"column":22},"end":{"line":627,"column":23}},"loc":{"start":{"line":627,"column":39},"end":{"line":627,"column":80}},"line":627},"237":{"name":"(anonymous_237)","decl":{"start":{"line":630,"column":73},"end":{"line":630,"column":74}},"loc":{"start":{"line":630,"column":79},"end":{"line":636,"column":9}},"line":630},"238":{"name":"(anonymous_238)","decl":{"start":{"line":633,"column":23},"end":{"line":633,"column":24}},"loc":{"start":{"line":633,"column":30},"end":{"line":633,"column":33}},"line":633},"239":{"name":"(anonymous_239)","decl":{"start":{"line":634,"column":22},"end":{"line":634,"column":23}},"loc":{"start":{"line":634,"column":39},"end":{"line":634,"column":80}},"line":634},"240":{"name":"(anonymous_240)","decl":{"start":{"line":637,"column":72},"end":{"line":637,"column":73}},"loc":{"start":{"line":637,"column":78},"end":{"line":643,"column":9}},"line":637},"241":{"name":"(anonymous_241)","decl":{"start":{"line":640,"column":23},"end":{"line":640,"column":24}},"loc":{"start":{"line":640,"column":30},"end":{"line":640,"column":33}},"line":640},"242":{"name":"(anonymous_242)","decl":{"start":{"line":641,"column":22},"end":{"line":641,"column":23}},"loc":{"start":{"line":641,"column":39},"end":{"line":641,"column":80}},"line":641},"243":{"name":"(anonymous_243)","decl":{"start":{"line":646,"column":39},"end":{"line":646,"column":40}},"loc":{"start":{"line":646,"column":45},"end":{"line":668,"column":5}},"line":646},"244":{"name":"(anonymous_244)","decl":{"start":{"line":654,"column":19},"end":{"line":654,"column":20}},"loc":{"start":{"line":654,"column":25},"end":{"line":661,"column":9}},"line":654},"245":{"name":"(anonymous_245)","decl":{"start":{"line":656,"column":22},"end":{"line":656,"column":23}},"loc":{"start":{"line":656,"column":30},"end":{"line":660,"column":17}},"line":656},"246":{"name":"(anonymous_246)","decl":{"start":{"line":659,"column":53},"end":{"line":659,"column":54}},"loc":{"start":{"line":659,"column":65},"end":{"line":659,"column":117}},"line":659},"247":{"name":"(anonymous_247)","decl":{"start":{"line":662,"column":43},"end":{"line":662,"column":44}},"loc":{"start":{"line":662,"column":49},"end":{"line":667,"column":9}},"line":662},"248":{"name":"(anonymous_248)","decl":{"start":{"line":664,"column":22},"end":{"line":664,"column":23}},"loc":{"start":{"line":664,"column":39},"end":{"line":666,"column":17}},"line":664},"249":{"name":"(anonymous_249)","decl":{"start":{"line":669,"column":14},"end":{"line":669,"column":15}},"loc":{"start":{"line":669,"column":20},"end":{"line":669,"column":73}},"line":669},"250":{"name":"(anonymous_250)","decl":{"start":{"line":671,"column":10},"end":{"line":671,"column":11}},"loc":{"start":{"line":672,"column":8},"end":{"line":677,"column":49}},"line":672},"251":{"name":"(anonymous_251)","decl":{"start":{"line":677,"column":18},"end":{"line":677,"column":19}},"loc":{"start":{"line":677,"column":24},"end":{"line":677,"column":48}},"line":677}},"branchMap":{"0":{"loc":{"start":{"line":26,"column":4},"end":{"line":45,"column":6}},"type":"binary-expr","locations":[{"start":{"line":26,"column":4},"end":{"line":26,"column":9}},{"start":{"line":26,"column":13},"end":{"line":45,"column":6}}],"line":26},"1":{"loc":{"start":{"line":47,"column":4},"end":{"line":139,"column":6}},"type":"binary-expr","locations":[{"start":{"line":47,"column":4},"end":{"line":47,"column":9}},{"start":{"line":47,"column":13},"end":{"line":139,"column":6}}],"line":47},"2":{"loc":{"start":{"line":141,"column":4},"end":{"line":191,"column":6}},"type":"binary-expr","locations":[{"start":{"line":141,"column":4},"end":{"line":141,"column":9}},{"start":{"line":141,"column":13},"end":{"line":191,"column":6}}],"line":141},"3":{"loc":{"start":{"line":193,"column":4},"end":{"line":274,"column":6}},"type":"binary-expr","locations":[{"start":{"line":193,"column":4},"end":{"line":193,"column":9}},{"start":{"line":193,"column":13},"end":{"line":274,"column":6}}],"line":193},"4":{"loc":{"start":{"line":276,"column":4},"end":{"line":315,"column":6}},"type":"binary-expr","locations":[{"start":{"line":276,"column":4},"end":{"line":276,"column":9}},{"start":{"line":276,"column":13},"end":{"line":315,"column":6}}],"line":276},"5":{"loc":{"start":{"line":317,"column":4},"end":{"line":412,"column":6}},"type":"binary-expr","locations":[{"start":{"line":317,"column":4},"end":{"line":317,"column":9}},{"start":{"line":317,"column":13},"end":{"line":412,"column":6}}],"line":317},"6":{"loc":{"start":{"line":414,"column":4},"end":{"line":438,"column":6}},"type":"binary-expr","locations":[{"start":{"line":414,"column":4},"end":{"line":414,"column":9}},{"start":{"line":414,"column":13},"end":{"line":438,"column":6}}],"line":414},"7":{"loc":{"start":{"line":440,"column":4},"end":{"line":480,"column":6}},"type":"binary-expr","locations":[{"start":{"line":440,"column":4},"end":{"line":440,"column":9}},{"start":{"line":440,"column":13},"end":{"line":480,"column":6}}],"line":440},"8":{"loc":{"start":{"line":482,"column":4},"end":{"line":570,"column":6}},"type":"binary-expr","locations":[{"start":{"line":482,"column":4},"end":{"line":482,"column":9}},{"start":{"line":482,"column":13},"end":{"line":570,"column":6}}],"line":482},"9":{"loc":{"start":{"line":509,"column":39},"end":{"line":509,"column":118}},"type":"binary-expr","locations":[{"start":{"line":509,"column":39},"end":{"line":509,"column":77}},{"start":{"line":509,"column":81},"end":{"line":509,"column":118}}],"line":509},"10":{"loc":{"start":{"line":525,"column":39},"end":{"line":525,"column":164}},"type":"binary-expr","locations":[{"start":{"line":525,"column":39},"end":{"line":525,"column":77}},{"start":{"line":525,"column":81},"end":{"line":525,"column":118}},{"start":{"line":525,"column":122},"end":{"line":525,"column":164}}],"line":525},"11":{"loc":{"start":{"line":571,"column":4},"end":{"line":645,"column":6}},"type":"binary-expr","locations":[{"start":{"line":571,"column":4},"end":{"line":571,"column":9}},{"start":{"line":571,"column":13},"end":{"line":645,"column":6}}],"line":571},"12":{"loc":{"start":{"line":646,"column":4},"end":{"line":668,"column":6}},"type":"binary-expr","locations":[{"start":{"line":646,"column":4},"end":{"line":646,"column":8}},{"start":{"line":646,"column":12},"end":{"line":668,"column":6}}],"line":646}},"s":{"0":1,"1":1,"2":1,"3":1,"4":1,"5":1,"6":1,"7":1,"8":1,"9":1,"10":1,"11":1,"12":1,"13":1,"14":1,"15":1,"16":1,"17":0,"18":0,"19":0,"20":0,"21":0,"22":0,"23":0,"24":0,"25":0,"26":0,"27":0,"28":0,"29":0,"30":0,"31":1,"32":0,"33":0,"34":0,"35":0,"36":0,"37":0,"38":0,"39":0,"40":0,"41":0,"42":0,"43":0,"44":0,"45":0,"46":0,"47":0,"48":0,"49":0,"50":0,"51":0,"52":0,"53":0,"54":0,"55":0,"56":0,"57":0,"58":0,"59":0,"60":0,"61":0,"62":0,"63":0,"64":0,"65":0,"66":0,"67":0,"68":0,"69":0,"70":0,"71":0,"72":0,"73":0,"74":0,"75":0,"76":0,"77":0,"78":0,"79":0,"80":0,"81":0,"82":0,"83":0,"84":0,"85":0,"86":0,"87":0,"88":0,"89":1,"90":0,"91":0,"92":0,"93":0,"94":0,"95":0,"96":0,"97":0,"98":0,"99":0,"100":0,"101":0,"102":0,"103":0,"104":0,"105":0,"106":0,"107":0,"108":0,"109":0,"110":0,"111":0,"112":0,"113":0,"114":0,"115":0,"116":0,"117":0,"118":0,"119":0,"120":0,"121":0,"122":0,"123":1,"124":0,"125":0,"126":0,"127":0,"128":0,"129":0,"130":0,"131":0,"132":0,"133":0,"134":0,"135":0,"136":0,"137":0,"138":0,"139":0,"140":0,"141":0,"142":0,"143":0,"144":0,"145":0,"146":0,"147":0,"148":0,"149":0,"150":0,"151":0,"152":0,"153":0,"154":0,"155":0,"156":0,"157":0,"158":0,"159":0,"160":0,"161":0,"162":0,"163":0,"164":0,"165":0,"166":0,"167":0,"168":0,"169":0,"170":0,"171":0,"172":0,"173":0,"174":1,"175":0,"176":0,"177":0,"178":0,"179":0,"180":0,"181":0,"182":0,"183":0,"184":0,"185":0,"186":0,"187":0,"188":0,"189":0,"190":0,"191":0,"192":0,"193":0,"194":0,"195":0,"196":0,"197":0,"198":1,"199":0,"200":0,"201":0,"202":0,"203":0,"204":0,"205":0,"206":0,"207":0,"208":0,"209":0,"210":0,"211":0,"212":0,"213":0,"214":0,"215":0,"216":0,"217":0,"218":0,"219":0,"220":0,"221":0,"222":0,"223":0,"224":0,"225":0,"226":0,"227":0,"228":0,"229":0,"230":0,"231":0,"232":0,"233":0,"234":0,"235":0,"236":0,"237":0,"238":0,"239":0,"240":0,"241":0,"242":0,"243":0,"244":0,"245":0,"246":0,"247":0,"248":0,"249":0,"250":0,"251":0,"252":0,"253":0,"254":0,"255":0,"256":0,"257":0,"258":0,"259":0,"260":0,"261":0,"262":0,"263":0,"264":0,"265":0,"266":0,"267":0,"268":0,"269":0,"270":1,"271":0,"272":0,"273":0,"274":0,"275":0,"276":0,"277":0,"278":0,"279":0,"280":1,"281":0,"282":0,"283":0,"284":0,"285":0,"286":0,"287":0,"288":0,"289":0,"290":0,"291":0,"292":0,"293":1,"294":0,"295":0,"296":0,"297":0,"298":0,"299":0,"300":0,"301":0,"302":0,"303":0,"304":0,"305":0,"306":0,"307":0,"308":0,"309":0,"310":0,"311":0,"312":0,"313":0,"314":0,"315":0,"316":0,"317":0,"318":0,"319":0,"320":0,"321":0,"322":0,"323":0,"324":0,"325":0,"326":0,"327":0,"328":0,"329":0,"330":0,"331":0,"332":0,"333":0,"334":0,"335":0,"336":0,"337":0,"338":0,"339":0,"340":1,"341":0,"342":0,"343":0,"344":0,"345":0,"346":0,"347":0,"348":0,"349":0,"350":0,"351":0,"352":0,"353":0,"354":0,"355":0,"356":0,"357":0,"358":0,"359":0,"360":0,"361":0,"362":0,"363":0,"364":0,"365":0,"366":0,"367":0,"368":0,"369":0,"370":0,"371":0,"372":0,"373":0,"374":0,"375":0,"376":0,"377":0,"378":0,"379":0,"380":0,"381":0,"382":0,"383":0,"384":0,"385":1,"386":1,"387":1,"388":1,"389":1,"390":1,"391":1,"392":1,"393":0,"394":0,"395":1,"396":1,"397":1,"398":1,"399":1},"f":{"0":1,"1":1,"2":1,"3":1,"4":0,"5":0,"6":0,"7":0,"8":0,"9":0,"10":0,"11":0,"12":0,"13":0,"14":0,"15":0,"16":0,"17":0,"18":0,"19":0,"20":0,"21":0,"22":0,"23":0,"24":0,"25":0,"26":0,"27":0,"28":0,"29":0,"30":0,"31":0,"32":0,"33":0,"34":0,"35":0,"36":0,"37":0,"38":0,"39":0,"40":0,"41":0,"42":0,"43":0,"44":0,"45":0,"46":0,"47":0,"48":0,"49":0,"50":0,"51":0,"52":0,"53":0,"54":0,"55":0,"56":0,"57":0,"58":0,"59":0,"60":0,"61":0,"62":0,"63":0,"64":0,"65":0,"66":0,"67":0,"68":0,"69":0,"70":0,"71":0,"72":0,"73":0,"74":0,"75":0,"76":0,"77":0,"78":0,"79":0,"80":0,"81":0,"82":0,"83":0,"84":0,"85":0,"86":0,"87":0,"88":0,"89":0,"90":0,"91":0,"92":0,"93":0,"94":0,"95":0,"96":0,"97":0,"98":0,"99":0,"100":0,"101":0,"102":0,"103":0,"104":0,"105":0,"106":0,"107":0,"108":0,"109":0,"110":0,"111":0,"112":0,"113":0,"114":0,"115":0,"116":0,"117":0,"118":0,"119":0,"120":0,"121":0,"122":0,"123":0,"124":0,"125":0,"126":0,"127":0,"128":0,"129":0,"130":0,"131":0,"132":0,"133":0,"134":0,"135":0,"136":0,"137":0,"138":0,"139":0,"140":0,"141":0,"142":0,"143":0,"144":0,"145":0,"146":0,"147":0,"148":0,"149":0,"150":0,"151":0,"152":0,"153":0,"154":0,"155":0,"156":0,"157":0,"158":0,"159":0,"160":0,"161":0,"162":0,"163":0,"164":0,"165":0,"166":0,"167":0,"168":0,"169":0,"170":0,"171":0,"172":0,"173":0,"174":0,"175":0,"176":0,"177":0,"178":0,"179":0,"180":0,"181":0,"182":0,"183":0,"184":0,"185":0,"186":0,"187":0,"188":0,"189":0,"190":0,"191":0,"192":0,"193":0,"194":0,"195":0,"196":0,"197":0,"198":0,"199":0,"200":0,"201":0,"202":0,"203":0,"204":0,"205":0,"206":0,"207":0,"208":0,"209":0,"210":0,"211":0,"212":0,"213":0,"214":0,"215":0,"216":0,"217":0,"218":0,"219":0,"220":0,"221":0,"222":0,"223":0,"224":0,"225":0,"226":0,"227":0,"228":0,"229":0,"230":0,"231":0,"232":0,"233":0,"234":0,"235":0,"236":0,"237":0,"238":0,"239":0,"240":0,"241":0,"242":0,"243":1,"244":1,"245":1,"246":1,"247":0,"248":0,"249":1,"250":1,"251":1},"b":{"0":[1,0],"1":[1,0],"2":[1,0],"3":[1,0],"4":[1,0],"5":[1,0],"6":[1,0],"7":[1,0],"8":[1,0],"9":[0,0],"10":[0,0,0],"11":[1,0],"12":[1,1]},"_coverageSchema":"d34fc3e6b8297bcde183f5492bcb8fcb36775295","hash":"afda8a6f834fb3b3719064e5a8c3ca3e3917a7cb","contentHash":"771ed5dbcefdcfb87bc20313058be66c_12.0.2"}}